[ 2017-07-14T10:59:00+08:00 ] 127.0.0.1 /shop/index.php/Home/User/login
ERR: 模板不存在:D:/phpStudy/WWW/tp3/shop/Home/View/User/login.html

[ 2017-07-14T11:00:22+08:00 ] 127.0.0.1 /shop/index.php/Home/User/login
INFO: [ app_init ] --START--
INFO: Run Behavior\BuildLiteBehavior [ RunTime:0.000000s ]
INFO: [ app_init ] --END-- [ RunTime:0.015001s ]
INFO: [ app_begin ] --START--
INFO: Run Behavior\ReadHtmlCacheBehavior [ RunTime:0.004001s ]
INFO: [ app_begin ] --END-- [ RunTime:0.004001s ]
ERR: 模板不存在:D:/phpStudy/WWW/tp3/shop/Home/View/User/login.html

[ 2017-07-14T11:02:44+08:00 ] 127.0.0.1 /shop/index.php/Home/User/login
INFO: [ app_init ] --START--
INFO: Run Behavior\BuildLiteBehavior [ RunTime:0.000000s ]
INFO: [ app_init ] --END-- [ RunTime:0.002000s ]
INFO: [ app_begin ] --START--
INFO: Run Behavior\ReadHtmlCacheBehavior [ RunTime:0.003000s ]
INFO: [ app_begin ] --END-- [ RunTime:0.004000s ]
INFO: [ view_parse ] --START--
INFO: [ template_filter ] --START--
INFO: Run Behavior\ContentReplaceBehavior [ RunTime:0.001001s ]
INFO: [ template_filter ] --END-- [ RunTime:0.001001s ]
INFO: Run Behavior\ParseTemplateBehavior [ RunTime:0.030002s ]
INFO: [ view_parse ] --END-- [ RunTime:0.030002s ]
INFO: [ view_filter ] --START--
INFO: Run Behavior\WriteHtmlCacheBehavior [ RunTime:0.003000s ]
INFO: [ view_filter ] --END-- [ RunTime:0.003000s ]
INFO: [ app_end ] --START--
INFO: Run Behavior\ShowPageTraceBehavior [ RunTime:0.005001s ]
INFO: [ app_end ] --END-- [ RunTime:0.006001s ]

[ 2017-07-14T11:04:30+08:00 ] 127.0.0.1 /shop/index.php/Home/User/login
INFO: [ app_init ] --START--
INFO: Run Behavior\BuildLiteBehavior [ RunTime:0.000000s ]
INFO: [ app_init ] --END-- [ RunTime:0.002000s ]
INFO: [ app_begin ] --START--
INFO: Run Behavior\ReadHtmlCacheBehavior [ RunTime:0.006000s ]
INFO: [ app_begin ] --END-- [ RunTime:0.006000s ]
INFO: [ view_parse ] --START--
INFO: [ template_filter ] --START--
INFO: Run Behavior\ContentReplaceBehavior [ RunTime:0.000000s ]
INFO: [ template_filter ] --END-- [ RunTime:0.000000s ]
INFO: Run Behavior\ParseTemplateBehavior [ RunTime:0.020001s ]
INFO: [ view_parse ] --END-- [ RunTime:0.021001s ]
INFO: [ view_filter ] --START--
INFO: Run Behavior\WriteHtmlCacheBehavior [ RunTime:0.001000s ]
INFO: [ view_filter ] --END-- [ RunTime:0.002000s ]
INFO: [ app_end ] --START--
INFO: Run Behavior\ShowPageTraceBehavior [ RunTime:0.002000s ]
INFO: [ app_end ] --END-- [ RunTime:0.002000s ]

[ 2017-07-14T11:06:15+08:00 ] 127.0.0.1 /shop/index.php/Home/User/register
INFO: [ app_init ] --START--
INFO: Run Behavior\BuildLiteBehavior [ RunTime:0.000000s ]
INFO: [ app_init ] --END-- [ RunTime:0.002000s ]
INFO: [ app_begin ] --START--
INFO: Run Behavior\ReadHtmlCacheBehavior [ RunTime:0.003000s ]
INFO: [ app_begin ] --END-- [ RunTime:0.004000s ]
INFO: [ app_end ] --START--
INFO: Run Behavior\ShowPageTraceBehavior [ RunTime:0.004000s ]
INFO: [ app_end ] --END-- [ RunTime:0.004000s ]

[ 2017-07-14T11:06:40+08:00 ] 127.0.0.1 /shop/index.php/Home/User/register
INFO: [ app_init ] --START--
INFO: Run Behavior\BuildLiteBehavior [ RunTime:0.000000s ]
INFO: [ app_init ] --END-- [ RunTime:0.002000s ]
INFO: [ app_begin ] --START--
INFO: Run Behavior\ReadHtmlCacheBehavior [ RunTime:0.002000s ]
INFO: [ app_begin ] --END-- [ RunTime:0.003000s ]
ERR: 模板不存在:D:/phpStudy/WWW/tp3/shop/Home/View/User/register.html

[ 2017-07-14T12:49:00+08:00 ] 127.0.0.1 /shop/index.php/Home/Goods/showlist
INFO: [ app_init ] --START--
INFO: Run Behavior\BuildLiteBehavior [ RunTime:0.000000s ]
INFO: [ app_init ] --END-- [ RunTime:0.002000s ]
INFO: [ app_begin ] --START--
INFO: Run Behavior\ReadHtmlCacheBehavior [ RunTime:0.002000s ]
INFO: [ app_begin ] --END-- [ RunTime:0.002000s ]
ERR: 模板不存在:D:/phpStudy/WWW/tp3/shop/Home/View/Goods/showlist.html

[ 2017-07-14T12:52:20+08:00 ] 127.0.0.1 /shop/index.php/Home/Goods/showlist
INFO: [ app_init ] --START--
INFO: Run Behavior\BuildLiteBehavior [ RunTime:0.000000s ]
INFO: [ app_init ] --END-- [ RunTime:0.002000s ]
INFO: [ app_begin ] --START--
INFO: Run Behavior\ReadHtmlCacheBehavior [ RunTime:0.004000s ]
INFO: [ app_begin ] --END-- [ RunTime:0.004000s ]
INFO: [ view_parse ] --START--
INFO: [ template_filter ] --START--
INFO: Run Behavior\ContentReplaceBehavior [ RunTime:0.000000s ]
INFO: [ template_filter ] --END-- [ RunTime:0.000000s ]
INFO: Run Behavior\ParseTemplateBehavior [ RunTime:0.035002s ]
INFO: [ view_parse ] --END-- [ RunTime:0.036002s ]
INFO: [ view_filter ] --START--
INFO: Run Behavior\WriteHtmlCacheBehavior [ RunTime:0.005000s ]
INFO: [ view_filter ] --END-- [ RunTime:0.005000s ]
INFO: [ app_end ] --START--
INFO: Run Behavior\ShowPageTraceBehavior [ RunTime:0.002000s ]
INFO: [ app_end ] --END-- [ RunTime:0.002000s ]

[ 2017-07-14T12:56:55+08:00 ] 127.0.0.1 /shop/index.php/Home/index/index
INFO: [ app_init ] --START--
INFO: Run Behavior\BuildLiteBehavior [ RunTime:0.000000s ]
INFO: [ app_init ] --END-- [ RunTime:0.002000s ]
INFO: [ app_begin ] --START--
INFO: Run Behavior\ReadHtmlCacheBehavior [ RunTime:0.003001s ]
INFO: [ app_begin ] --END-- [ RunTime:0.003001s ]
INFO: [ view_parse ] --START--
INFO: [ template_filter ] --START--
INFO: Run Behavior\ContentReplaceBehavior [ RunTime:0.000000s ]
INFO: [ template_filter ] --END-- [ RunTime:0.000000s ]
INFO: Run Behavior\ParseTemplateBehavior [ RunTime:0.022001s ]
INFO: [ view_parse ] --END-- [ RunTime:0.022001s ]
INFO: [ view_filter ] --START--
INFO: Run Behavior\WriteHtmlCacheBehavior [ RunTime:0.001000s ]
INFO: [ view_filter ] --END-- [ RunTime:0.001000s ]
INFO: [ app_end ] --START--
INFO: Run Behavior\ShowPageTraceBehavior [ RunTime:0.002001s ]
INFO: [ app_end ] --END-- [ RunTime:0.003001s ]

[ 2017-07-14T13:10:16+08:00 ] 127.0.0.1 /shop/index.php/Home/index/index
INFO: [ app_init ] --START--
INFO: Run Behavior\BuildLiteBehavior [ RunTime:0.000000s ]
INFO: [ app_init ] --END-- [ RunTime:0.002001s ]
INFO: [ app_begin ] --START--
INFO: Run Behavior\ReadHtmlCacheBehavior [ RunTime:0.003000s ]
INFO: [ app_begin ] --END-- [ RunTime:0.003000s ]
INFO: [ view_parse ] --START--
INFO: [ template_filter ] --START--
INFO: Run Behavior\ContentReplaceBehavior [ RunTime:0.001000s ]
INFO: [ template_filter ] --END-- [ RunTime:0.001000s ]
INFO: Run Behavior\ParseTemplateBehavior [ RunTime:0.337019s ]
INFO: [ view_parse ] --END-- [ RunTime:0.337019s ]
INFO: [ view_filter ] --START--
INFO: Run Behavior\WriteHtmlCacheBehavior [ RunTime:0.027001s ]
INFO: [ view_filter ] --END-- [ RunTime:0.027001s ]
INFO: [ app_end ] --START--
INFO: Run Behavior\ShowPageTraceBehavior [ RunTime:0.006001s ]
INFO: [ app_end ] --END-- [ RunTime:0.006001s ]

[ 2017-07-14T13:10:16+08:00 ] 127.0.0.1 /shop/index.php/Home/index/css/style.css
INFO: [ app_init ] --START--
INFO: Run Behavior\BuildLiteBehavior [ RunTime:0.000000s ]
INFO: [ app_init ] --END-- [ RunTime:0.002000s ]
INFO: [ app_begin ] --START--
INFO: Run Behavior\ReadHtmlCacheBehavior [ RunTime:0.002000s ]
INFO: [ app_begin ] --END-- [ RunTime:0.002000s ]
ERR: 非法操作:css

[ 2017-07-14T13:10:17+08:00 ] 127.0.0.1 /shop/index.php/Home/index/images/logo.gif
INFO: [ app_init ] --START--
INFO: Run Behavior\BuildLiteBehavior [ RunTime:0.000000s ]
INFO: [ app_init ] --END-- [ RunTime:0.003000s ]

[ 2017-07-14T13:10:17+08:00 ] 127.0.0.1 /shop/index.php/Home/index/images/biao6.gif
INFO: [ app_init ] --START--
INFO: Run Behavior\BuildLiteBehavior [ RunTime:0.000000s ]
INFO: [ app_init ] --END-- [ RunTime:0.002000s ]

[ 2017-07-14T13:10:17+08:00 ] 127.0.0.1 /shop/index.php/Home/index/images/top_2.gif
INFO: [ app_init ] --START--
INFO: Run Behavior\BuildLiteBehavior [ RunTime:0.000000s ]
INFO: [ app_init ] --END-- [ RunTime:0.002000s ]

[ 2017-07-14T13:10:17+08:00 ] 127.0.0.1 /shop/index.php/Home/index/images/24_thumb_G_1241971981429.jpg
INFO: [ app_init ] --START--
INFO: Run Behavior\BuildLiteBehavior [ RunTime:0.000000s ]
INFO: [ app_init ] --END-- [ RunTime:0.004000s ]

[ 2017-07-14T13:10:17+08:00 ] 127.0.0.1 /shop/index.php/Home/index/images/3_thumb_G_1241422082679.jpg
INFO: [ app_init ] --START--
INFO: Run Behavior\BuildLiteBehavior [ RunTime:0.000000s ]
INFO: [ app_init ] --END-- [ RunTime:0.002000s ]

[ 2017-07-14T13:10:17+08:00 ] 127.0.0.1 /shop/index.php/Home/index/images/biao7.gif
INFO: [ app_init ] --START--
INFO: Run Behavior\BuildLiteBehavior [ RunTime:0.000000s ]
INFO: [ app_init ] --END-- [ RunTime:0.003000s ]

[ 2017-07-14T13:10:17+08:00 ] 127.0.0.1 /shop/index.php/Home/index/images/biao3.gif
INFO: [ app_init ] --START--
INFO: Run Behavior\BuildLiteBehavior [ RunTime:0.000000s ]
INFO: [ app_init ] --END-- [ RunTime:0.002000s ]

[ 2017-07-14T13:10:17+08:00 ] 127.0.0.1 /shop/index.php/Home/index/images/top_3.gif
INFO: [ app_init ] --START--
INFO: Run Behavior\BuildLiteBehavior [ RunTime:0.000000s ]
INFO: [ app_init ] --END-- [ RunTime:0.002000s ]

[ 2017-07-14T13:10:17+08:00 ] 127.0.0.1 /shop/index.php/Home/index/images/12_thumb_G_1241965978410.jpg
INFO: [ app_init ] --START--
INFO: Run Behavior\BuildLiteBehavior [ RunTime:0.000000s ]
INFO: [ app_init ] --END-- [ RunTime:0.001000s ]

[ 2017-07-14T13:10:17+08:00 ] 127.0.0.1 /shop/index.php/Home/index/images/top_5.gif
INFO: [ app_init ] --START--
INFO: Run Behavior\BuildLiteBehavior [ RunTime:0.000000s ]
INFO: [ app_init ] --END-- [ RunTime:0.002000s ]

[ 2017-07-14T13:10:17+08:00 ] 127.0.0.1 /shop/index.php/Home/index/images/top_1.gif
INFO: [ app_init ] --START--
INFO: Run Behavior\BuildLiteBehavior [ RunTime:0.000000s ]
INFO: [ app_init ] --END-- [ RunTime:0.002000s ]

[ 2017-07-14T13:10:17+08:00 ] 127.0.0.1 /shop/index.php/Home/index/images/top_6.gif
INFO: [ app_init ] --START--
INFO: Run Behavior\BuildLiteBehavior [ RunTime:0.000000s ]
INFO: [ app_init ] --END-- [ RunTime:0.001000s ]

[ 2017-07-14T13:10:17+08:00 ] 127.0.0.1 /shop/index.php/Home/index/images/top_7.gif
INFO: [ app_init ] --START--
INFO: Run Behavior\BuildLiteBehavior [ RunTime:0.000000s ]
INFO: [ app_init ] --END-- [ RunTime:0.002000s ]

[ 2017-07-14T13:10:17+08:00 ] 127.0.0.1 /shop/index.php/Home/index/images/1240803062307572427.gif
INFO: [ app_init ] --START--
INFO: Run Behavior\BuildLiteBehavior [ RunTime:0.001000s ]
INFO: [ app_init ] --END-- [ RunTime:0.002000s ]

[ 2017-07-14T13:10:17+08:00 ] 127.0.0.1 /shop/index.php/Home/index/images/1240802922410634065.gif
INFO: [ app_init ] --START--
INFO: Run Behavior\BuildLiteBehavior [ RunTime:0.000000s ]
INFO: [ app_init ] --END-- [ RunTime:0.001000s ]

[ 2017-07-14T13:10:17+08:00 ] 127.0.0.1 /shop/index.php/Home/index/images/1240803144788047486.gif
INFO: [ app_init ] --START--
INFO: Run Behavior\BuildLiteBehavior [ RunTime:0.000000s ]
INFO: [ app_init ] --END-- [ RunTime:0.001000s ]

[ 2017-07-14T13:10:17+08:00 ] 127.0.0.1 /shop/index.php/Home/index/images/111.jpg
INFO: [ app_init ] --START--
INFO: Run Behavior\BuildLiteBehavior [ RunTime:0.000000s ]
INFO: [ app_init ] --END-- [ RunTime:0.002000s ]

[ 2017-07-14T13:10:17+08:00 ] 127.0.0.1 /shop/index.php/Home/index/images/9_thumb_G_1241511871555.jpg
INFO: [ app_init ] --START--
INFO: Run Behavior\BuildLiteBehavior [ RunTime:0.000000s ]
INFO: [ app_init ] --END-- [ RunTime:0.002000s ]

[ 2017-07-14T13:10:17+08:00 ] 127.0.0.1 /shop/index.php/Home/index/images/8_thumb_G_1241425513488.jpg
INFO: [ app_init ] --START--
INFO: Run Behavior\BuildLiteBehavior [ RunTime:0.000000s ]
INFO: [ app_init ] --END-- [ RunTime:0.002000s ]

[ 2017-07-14T13:10:17+08:00 ] 127.0.0.1 /shop/index.php/Home/index/images/1_thumb_G_1240902890710.jpg
INFO: [ app_init ] --START--
INFO: Run Behavior\BuildLiteBehavior [ RunTime:0.000000s ]
INFO: [ app_init ] --END-- [ RunTime:0.004000s ]

[ 2017-07-14T13:10:18+08:00 ] 127.0.0.1 /shop/index.php/Home/index/images/sousuo.gif
INFO: [ app_init ] --START--
INFO: Run Behavior\BuildLiteBehavior [ RunTime:0.000000s ]
INFO: [ app_init ] --END-- [ RunTime:0.001000s ]

[ 2017-07-14T13:10:18+08:00 ] 127.0.0.1 /shop/index.php/Home/index/images/di.jpg
INFO: [ app_init ] --START--
INFO: Run Behavior\BuildLiteBehavior [ RunTime:0.000000s ]
INFO: [ app_init ] --END-- [ RunTime:0.002000s ]

[ 2017-07-14T13:10:18+08:00 ] 127.0.0.1 /shop/index.php/Home/index/images/ecmoban_link.jpg
INFO: [ app_init ] --START--
INFO: Run Behavior\BuildLiteBehavior [ RunTime:0.000000s ]
INFO: [ app_init ] --END-- [ RunTime:0.002001s ]

[ 2017-07-14T13:10:18+08:00 ] 127.0.0.1 /shop/index.php/Home/index/images/yongda_logo.gif
INFO: [ app_init ] --START--
INFO: Run Behavior\BuildLiteBehavior [ RunTime:0.000000s ]
INFO: [ app_init ] --END-- [ RunTime:0.002000s ]

[ 2017-07-14T13:12:47+08:00 ] 127.0.0.1 /shop/index.php/Home/index/index
INFO: [ app_init ] --START--
INFO: Run Behavior\BuildLiteBehavior [ RunTime:0.000000s ]
INFO: [ app_init ] --END-- [ RunTime:0.004001s ]
INFO: [ app_begin ] --START--
INFO: Run Behavior\ReadHtmlCacheBehavior [ RunTime:0.009001s ]
INFO: [ app_begin ] --END-- [ RunTime:0.010001s ]
INFO: [ view_parse ] --START--
INFO: [ template_filter ] --START--
INFO: Run Behavior\ContentReplaceBehavior [ RunTime:0.007000s ]
INFO: [ template_filter ] --END-- [ RunTime:0.007000s ]
INFO: Run Behavior\ParseTemplateBehavior [ RunTime:0.084005s ]
INFO: [ view_parse ] --END-- [ RunTime:0.084005s ]
INFO: [ view_filter ] --START--
INFO: Run Behavior\WriteHtmlCacheBehavior [ RunTime:0.002000s ]
INFO: [ view_filter ] --END-- [ RunTime:0.002000s ]
INFO: [ app_end ] --START--
INFO: Run Behavior\ShowPageTraceBehavior [ RunTime:0.005000s ]
INFO: [ app_end ] --END-- [ RunTime:0.005000s ]

[ 2017-07-14T13:12:47+08:00 ] 127.0.0.1 /shop/index.php/Home/index/css/style.css
INFO: [ app_init ] --START--
INFO: Run Behavior\BuildLiteBehavior [ RunTime:0.000000s ]
INFO: [ app_init ] --END-- [ RunTime:0.002000s ]
INFO: [ app_begin ] --START--
INFO: Run Behavior\ReadHtmlCacheBehavior [ RunTime:0.002000s ]
INFO: [ app_begin ] --END-- [ RunTime:0.003000s ]
ERR: 非法操作:css

[ 2017-07-14T13:12:47+08:00 ] 127.0.0.1 /shop/index.php/Home/index/images/logo.gif
INFO: [ app_init ] --START--
INFO: Run Behavior\BuildLiteBehavior [ RunTime:0.000000s ]
INFO: [ app_init ] --END-- [ RunTime:0.002000s ]

[ 2017-07-14T13:12:47+08:00 ] 127.0.0.1 /shop/index.php/Home/index/images/biao7.gif
INFO: [ app_init ] --START--
INFO: Run Behavior\BuildLiteBehavior [ RunTime:0.000000s ]
INFO: [ app_init ] --END-- [ RunTime:0.002000s ]

[ 2017-07-14T13:12:47+08:00 ] 127.0.0.1 /shop/index.php/Home/index/images/top_1.gif
INFO: [ app_init ] --START--
INFO: Run Behavior\BuildLiteBehavior [ RunTime:0.000000s ]
INFO: [ app_init ] --END-- [ RunTime:0.002000s ]

[ 2017-07-14T13:12:47+08:00 ] 127.0.0.1 /shop/index.php/Home/index/images/sousuo.gif
INFO: [ app_init ] --START--
INFO: Run Behavior\BuildLiteBehavior [ RunTime:0.001000s ]
INFO: [ app_init ] --END-- [ RunTime:0.002000s ]

[ 2017-07-14T13:12:47+08:00 ] 127.0.0.1 /shop/index.php/Home/index/images/top_2.gif
INFO: [ app_init ] --START--
INFO: Run Behavior\BuildLiteBehavior [ RunTime:0.000000s ]
INFO: [ app_init ] --END-- [ RunTime:0.004000s ]

[ 2017-07-14T13:12:47+08:00 ] 127.0.0.1 /shop/index.php/Home/index/images/24_thumb_G_1241971981429.jpg
INFO: [ app_init ] --START--
INFO: Run Behavior\BuildLiteBehavior [ RunTime:0.000000s ]
INFO: [ app_init ] --END-- [ RunTime:0.002000s ]

[ 2017-07-14T13:12:47+08:00 ] 127.0.0.1 /shop/index.php/Home/index/images/biao6.gif
INFO: [ app_init ] --START--
INFO: Run Behavior\BuildLiteBehavior [ RunTime:0.000000s ]
INFO: [ app_init ] --END-- [ RunTime:0.002000s ]

[ 2017-07-14T13:12:48+08:00 ] 127.0.0.1 /shop/index.php/Home/index/images/top_3.gif
INFO: [ app_init ] --START--
INFO: Run Behavior\BuildLiteBehavior [ RunTime:0.000000s ]
INFO: [ app_init ] --END-- [ RunTime:0.001000s ]

[ 2017-07-14T13:12:48+08:00 ] 127.0.0.1 /shop/index.php/Home/index/images/3_thumb_G_1241422082679.jpg
INFO: [ app_init ] --START--
INFO: Run Behavior\BuildLiteBehavior [ RunTime:0.000000s ]
INFO: [ app_init ] --END-- [ RunTime:0.003000s ]

[ 2017-07-14T13:12:48+08:00 ] 127.0.0.1 /shop/index.php/Home/index/images/biao3.gif
INFO: [ app_init ] --START--
INFO: Run Behavior\BuildLiteBehavior [ RunTime:0.000000s ]
INFO: [ app_init ] --END-- [ RunTime:0.002000s ]

[ 2017-07-14T13:12:48+08:00 ] 127.0.0.1 /shop/index.php/Home/index/images/12_thumb_G_1241965978410.jpg
INFO: [ app_init ] --START--
INFO: Run Behavior\BuildLiteBehavior [ RunTime:0.000000s ]
INFO: [ app_init ] --END-- [ RunTime:0.001000s ]

[ 2017-07-14T13:12:48+08:00 ] 127.0.0.1 /shop/index.php/Home/index/images/top_6.gif
INFO: [ app_init ] --START--
INFO: Run Behavior\BuildLiteBehavior [ RunTime:0.000000s ]
INFO: [ app_init ] --END-- [ RunTime:0.002000s ]

[ 2017-07-14T13:12:48+08:00 ] 127.0.0.1 /shop/index.php/Home/index/images/top_5.gif
INFO: [ app_init ] --START--
INFO: Run Behavior\BuildLiteBehavior [ RunTime:0.000000s ]
INFO: [ app_init ] --END-- [ RunTime:0.001000s ]

[ 2017-07-14T13:12:48+08:00 ] 127.0.0.1 /shop/index.php/Home/index/images/top_4.gif
INFO: [ app_init ] --START--
INFO: Run Behavior\BuildLiteBehavior [ RunTime:0.000000s ]
INFO: [ app_init ] --END-- [ RunTime:0.006000s ]

[ 2017-07-14T13:12:48+08:00 ] 127.0.0.1 /shop/index.php/Home/index/images/top_7.gif
INFO: [ app_init ] --START--
INFO: Run Behavior\BuildLiteBehavior [ RunTime:0.000000s ]
INFO: [ app_init ] --END-- [ RunTime:0.002000s ]

[ 2017-07-14T13:12:48+08:00 ] 127.0.0.1 /shop/index.php/Home/index/images/1240802922410634065.gif
INFO: [ app_init ] --START--
INFO: Run Behavior\BuildLiteBehavior [ RunTime:0.000000s ]
INFO: [ app_init ] --END-- [ RunTime:0.002000s ]

[ 2017-07-14T13:12:48+08:00 ] 127.0.0.1 /shop/index.php/Home/index/images/1240803062307572427.gif
INFO: [ app_init ] --START--
INFO: Run Behavior\BuildLiteBehavior [ RunTime:0.000000s ]
INFO: [ app_init ] --END-- [ RunTime:0.002000s ]

[ 2017-07-14T13:12:48+08:00 ] 127.0.0.1 /shop/index.php/Home/index/images/111.jpg
INFO: [ app_init ] --START--
INFO: Run Behavior\BuildLiteBehavior [ RunTime:0.000000s ]
INFO: [ app_init ] --END-- [ RunTime:0.002001s ]

[ 2017-07-14T13:12:48+08:00 ] 127.0.0.1 /shop/index.php/Home/index/images/1240803144788047486.gif
INFO: [ app_init ] --START--
INFO: Run Behavior\BuildLiteBehavior [ RunTime:0.000000s ]
INFO: [ app_init ] --END-- [ RunTime:0.002000s ]

[ 2017-07-14T13:12:48+08:00 ] 127.0.0.1 /shop/index.php/Home/index/images/9_thumb_G_1241511871555.jpg
INFO: [ app_init ] --START--
INFO: Run Behavior\BuildLiteBehavior [ RunTime:0.000000s ]
INFO: [ app_init ] --END-- [ RunTime:0.002000s ]

[ 2017-07-14T13:12:48+08:00 ] 127.0.0.1 /shop/index.php/Home/index/images/di.jpg
INFO: [ app_init ] --START--
INFO: Run Behavior\BuildLiteBehavior [ RunTime:0.000000s ]
INFO: [ app_init ] --END-- [ RunTime:0.001000s ]

[ 2017-07-14T13:12:48+08:00 ] 127.0.0.1 /shop/index.php/Home/index/images/8_thumb_G_1241425513488.jpg
INFO: [ app_init ] --START--
INFO: Run Behavior\BuildLiteBehavior [ RunTime:0.000000s ]
INFO: [ app_init ] --END-- [ RunTime:0.006000s ]

[ 2017-07-14T13:12:48+08:00 ] 127.0.0.1 /shop/index.php/Home/index/images/1_thumb_G_1240902890710.jpg
INFO: [ app_init ] --START--
INFO: Run Behavior\BuildLiteBehavior [ RunTime:0.000000s ]
INFO: [ app_init ] --END-- [ RunTime:0.002000s ]

[ 2017-07-14T13:12:48+08:00 ] 127.0.0.1 /shop/index.php/Home/index/images/ecmoban_link.jpg
INFO: [ app_init ] --START--
INFO: Run Behavior\BuildLiteBehavior [ RunTime:0.000000s ]
INFO: [ app_init ] --END-- [ RunTime:0.002000s ]

[ 2017-07-14T13:12:48+08:00 ] 127.0.0.1 /shop/index.php/Home/index/images/yongda_logo.gif
INFO: [ app_init ] --START--
INFO: Run Behavior\BuildLiteBehavior [ RunTime:0.000000s ]
INFO: [ app_init ] --END-- [ RunTime:0.002000s ]

[ 2017-07-14T13:17:44+08:00 ] 127.0.0.1 /shop/index.php/Home/index/index
INFO: [ app_init ] --START--
INFO: Run Behavior\BuildLiteBehavior [ RunTime:0.001000s ]
INFO: [ app_init ] --END-- [ RunTime:0.003001s ]
INFO: [ app_begin ] --START--
INFO: Run Behavior\ReadHtmlCacheBehavior [ RunTime:0.003000s ]
INFO: [ app_begin ] --END-- [ RunTime:0.003000s ]
INFO: [ view_parse ] --START--
INFO: [ template_filter ] --START--
INFO: Run Behavior\ContentReplaceBehavior [ RunTime:0.000000s ]
INFO: [ template_filter ] --END-- [ RunTime:0.001000s ]
INFO: Run Behavior\ParseTemplateBehavior [ RunTime:0.054003s ]
INFO: [ view_parse ] --END-- [ RunTime:0.054003s ]
INFO: [ view_filter ] --START--
INFO: Run Behavior\WriteHtmlCacheBehavior [ RunTime:0.001000s ]
INFO: [ view_filter ] --END-- [ RunTime:0.001000s ]
INFO: [ app_end ] --START--
INFO: Run Behavior\ShowPageTraceBehavior [ RunTime:0.004000s ]
INFO: [ app_end ] --END-- [ RunTime:0.004000s ]

[ 2017-07-14T13:17:44+08:00 ] 127.0.0.1 /shop/index.php/Home/index/Home/Public/css/style.css
INFO: [ app_init ] --START--
INFO: Run Behavior\BuildLiteBehavior [ RunTime:0.001000s ]
INFO: [ app_init ] --END-- [ RunTime:0.002000s ]
INFO: [ app_begin ] --START--
INFO: Run Behavior\ReadHtmlCacheBehavior [ RunTime:0.005001s ]
INFO: [ app_begin ] --END-- [ RunTime:0.005001s ]
ERR: 非法操作:Home

[ 2017-07-14T13:17:44+08:00 ] 127.0.0.1 /shop/index.php/Home/index/images/logo.gif
INFO: [ app_init ] --START--
INFO: Run Behavior\BuildLiteBehavior [ RunTime:0.000000s ]
INFO: [ app_init ] --END-- [ RunTime:0.003000s ]

[ 2017-07-14T13:17:44+08:00 ] 127.0.0.1 /shop/index.php/Home/index/images/24_thumb_G_1241971981429.jpg
INFO: [ app_init ] --START--
INFO: Run Behavior\BuildLiteBehavior [ RunTime:0.000000s ]
INFO: [ app_init ] --END-- [ RunTime:0.001000s ]

[ 2017-07-14T13:17:44+08:00 ] 127.0.0.1 /shop/index.php/Home/index/images/sousuo.gif
INFO: [ app_init ] --START--
INFO: Run Behavior\BuildLiteBehavior [ RunTime:0.000000s ]
INFO: [ app_init ] --END-- [ RunTime:0.002000s ]

[ 2017-07-14T13:17:44+08:00 ] 127.0.0.1 /shop/index.php/Home/index/images/biao6.gif
INFO: [ app_init ] --START--
INFO: Run Behavior\BuildLiteBehavior [ RunTime:0.000000s ]
INFO: [ app_init ] --END-- [ RunTime:0.002000s ]

[ 2017-07-14T13:17:44+08:00 ] 127.0.0.1 /shop/index.php/Home/index/images/3_thumb_G_1241422082679.jpg
INFO: [ app_init ] --START--
INFO: Run Behavior\BuildLiteBehavior [ RunTime:0.000000s ]
INFO: [ app_init ] --END-- [ RunTime:0.002000s ]

[ 2017-07-14T13:17:44+08:00 ] 127.0.0.1 /shop/index.php/Home/index/images/top_3.gif
INFO: [ app_init ] --START--
INFO: Run Behavior\BuildLiteBehavior [ RunTime:0.000000s ]
INFO: [ app_init ] --END-- [ RunTime:0.002000s ]

[ 2017-07-14T13:17:44+08:00 ] 127.0.0.1 /shop/index.php/Home/index/images/biao3.gif
INFO: [ app_init ] --START--
INFO: Run Behavior\BuildLiteBehavior [ RunTime:0.000000s ]
INFO: [ app_init ] --END-- [ RunTime:0.002000s ]

[ 2017-07-14T13:17:44+08:00 ] 127.0.0.1 /shop/index.php/Home/index/images/biao7.gif
INFO: [ app_init ] --START--
INFO: Run Behavior\BuildLiteBehavior [ RunTime:0.000000s ]
INFO: [ app_init ] --END-- [ RunTime:0.004000s ]

[ 2017-07-14T13:17:44+08:00 ] 127.0.0.1 /shop/index.php/Home/index/images/top_1.gif
INFO: [ app_init ] --START--
INFO: Run Behavior\BuildLiteBehavior [ RunTime:0.000000s ]
INFO: [ app_init ] --END-- [ RunTime:0.003000s ]

[ 2017-07-14T13:17:44+08:00 ] 127.0.0.1 /shop/index.php/Home/index/images/top_2.gif
INFO: [ app_init ] --START--
INFO: Run Behavior\BuildLiteBehavior [ RunTime:0.000000s ]
INFO: [ app_init ] --END-- [ RunTime:0.002000s ]

[ 2017-07-14T13:17:44+08:00 ] 127.0.0.1 /shop/index.php/Home/index/images/12_thumb_G_1241965978410.jpg
INFO: [ app_init ] --START--
INFO: Run Behavior\BuildLiteBehavior [ RunTime:0.000000s ]
INFO: [ app_init ] --END-- [ RunTime:0.002000s ]

[ 2017-07-14T13:17:44+08:00 ] 127.0.0.1 /shop/index.php/Home/index/images/top_5.gif
INFO: [ app_init ] --START--
INFO: Run Behavior\BuildLiteBehavior [ RunTime:0.000000s ]
INFO: [ app_init ] --END-- [ RunTime:0.002000s ]

[ 2017-07-14T13:17:44+08:00 ] 127.0.0.1 /shop/index.php/Home/index/images/top_7.gif
INFO: [ app_init ] --START--
INFO: Run Behavior\BuildLiteBehavior [ RunTime:0.000000s ]
INFO: [ app_init ] --END-- [ RunTime:0.003000s ]

[ 2017-07-14T13:17:45+08:00 ] 127.0.0.1 /shop/index.php/Home/index/images/top_4.gif
INFO: [ app_init ] --START--
INFO: Run Behavior\BuildLiteBehavior [ RunTime:0.000000s ]
INFO: [ app_init ] --END-- [ RunTime:0.002000s ]

[ 2017-07-14T13:17:45+08:00 ] 127.0.0.1 /shop/index.php/Home/index/images/top_6.gif
INFO: [ app_init ] --START--
INFO: Run Behavior\BuildLiteBehavior [ RunTime:0.000000s ]
INFO: [ app_init ] --END-- [ RunTime:0.002001s ]

[ 2017-07-14T13:17:45+08:00 ] 127.0.0.1 /shop/index.php/Home/index/images/1240803062307572427.gif
INFO: [ app_init ] --START--
INFO: Run Behavior\BuildLiteBehavior [ RunTime:0.000000s ]
INFO: [ app_init ] --END-- [ RunTime:0.002000s ]

[ 2017-07-14T13:17:45+08:00 ] 127.0.0.1 /shop/index.php/Home/index/images/1240802922410634065.gif
INFO: [ app_init ] --START--
INFO: Run Behavior\BuildLiteBehavior [ RunTime:0.000000s ]
INFO: [ app_init ] --END-- [ RunTime:0.002000s ]

[ 2017-07-14T13:17:45+08:00 ] 127.0.0.1 /shop/index.php/Home/index/images/111.jpg
INFO: [ app_init ] --START--
INFO: Run Behavior\BuildLiteBehavior [ RunTime:0.001000s ]
INFO: [ app_init ] --END-- [ RunTime:0.002000s ]

[ 2017-07-14T13:17:45+08:00 ] 127.0.0.1 /shop/index.php/Home/index/images/1240803144788047486.gif
INFO: [ app_init ] --START--
INFO: Run Behavior\BuildLiteBehavior [ RunTime:0.000000s ]
INFO: [ app_init ] --END-- [ RunTime:0.002000s ]

[ 2017-07-14T13:17:45+08:00 ] 127.0.0.1 /shop/index.php/Home/index/images/1_thumb_G_1240902890710.jpg
INFO: [ app_init ] --START--
INFO: Run Behavior\BuildLiteBehavior [ RunTime:0.000000s ]
INFO: [ app_init ] --END-- [ RunTime:0.001000s ]

[ 2017-07-14T13:17:45+08:00 ] 127.0.0.1 /shop/index.php/Home/index/images/9_thumb_G_1241511871555.jpg
INFO: [ app_init ] --START--
INFO: Run Behavior\BuildLiteBehavior [ RunTime:0.000000s ]
INFO: [ app_init ] --END-- [ RunTime:0.001000s ]

[ 2017-07-14T13:17:45+08:00 ] 127.0.0.1 /shop/index.php/Home/index/images/8_thumb_G_1241425513488.jpg
INFO: [ app_init ] --START--
INFO: Run Behavior\BuildLiteBehavior [ RunTime:0.001000s ]
INFO: [ app_init ] --END-- [ RunTime:0.002000s ]

[ 2017-07-14T13:17:45+08:00 ] 127.0.0.1 /shop/index.php/Home/index/images/di.jpg
INFO: [ app_init ] --START--
INFO: Run Behavior\BuildLiteBehavior [ RunTime:0.001000s ]
INFO: [ app_init ] --END-- [ RunTime:0.002000s ]

[ 2017-07-14T13:17:45+08:00 ] 127.0.0.1 /shop/index.php/Home/index/images/ecmoban_link.jpg
INFO: [ app_init ] --START--
INFO: Run Behavior\BuildLiteBehavior [ RunTime:0.000000s ]
INFO: [ app_init ] --END-- [ RunTime:0.002000s ]

[ 2017-07-14T13:17:45+08:00 ] 127.0.0.1 /shop/index.php/Home/index/images/yongda_logo.gif
INFO: [ app_init ] --START--
INFO: Run Behavior\BuildLiteBehavior [ RunTime:0.000000s ]
INFO: [ app_init ] --END-- [ RunTime:0.002000s ]

[ 2017-07-14T13:18:24+08:00 ] 127.0.0.1 /shop/index.php/Home/index/index
INFO: [ app_init ] --START--
INFO: Run Behavior\BuildLiteBehavior [ RunTime:0.000000s ]
INFO: [ app_init ] --END-- [ RunTime:0.001000s ]
INFO: [ app_begin ] --START--
INFO: Run Behavior\ReadHtmlCacheBehavior [ RunTime:0.003000s ]
INFO: [ app_begin ] --END-- [ RunTime:0.003000s ]
INFO: [ view_parse ] --START--
INFO: [ template_filter ] --START--
INFO: Run Behavior\ContentReplaceBehavior [ RunTime:0.001000s ]
INFO: [ template_filter ] --END-- [ RunTime:0.001000s ]
INFO: Run Behavior\ParseTemplateBehavior [ RunTime:0.058004s ]
INFO: [ view_parse ] --END-- [ RunTime:0.058004s ]
INFO: [ view_filter ] --START--
INFO: Run Behavior\WriteHtmlCacheBehavior [ RunTime:0.001000s ]
INFO: [ view_filter ] --END-- [ RunTime:0.001000s ]
INFO: [ app_end ] --START--
INFO: Run Behavior\ShowPageTraceBehavior [ RunTime:0.003000s ]
INFO: [ app_end ] --END-- [ RunTime:0.003000s ]

[ 2017-07-14T13:18:24+08:00 ] 127.0.0.1 /shop/index.php/Home/index/Home/Public/css/style.css
INFO: [ app_init ] --START--
INFO: Run Behavior\BuildLiteBehavior [ RunTime:0.000000s ]
INFO: [ app_init ] --END-- [ RunTime:0.004000s ]
INFO: [ app_begin ] --START--
INFO: Run Behavior\ReadHtmlCacheBehavior [ RunTime:0.007001s ]
INFO: [ app_begin ] --END-- [ RunTime:0.007001s ]
ERR: 非法操作:Home

[ 2017-07-14T13:18:24+08:00 ] 127.0.0.1 /shop/index.php/Home/index/images/logo.gif
INFO: [ app_init ] --START--
INFO: Run Behavior\BuildLiteBehavior [ RunTime:0.000000s ]
INFO: [ app_init ] --END-- [ RunTime:0.002000s ]

[ 2017-07-14T13:18:24+08:00 ] 127.0.0.1 /shop/index.php/Home/index/images/24_thumb_G_1241971981429.jpg
INFO: [ app_init ] --START--
INFO: Run Behavior\BuildLiteBehavior [ RunTime:0.000000s ]
INFO: [ app_init ] --END-- [ RunTime:0.003000s ]

[ 2017-07-14T13:18:25+08:00 ] 127.0.0.1 /shop/index.php/Home/index/images/biao7.gif
INFO: [ app_init ] --START--
INFO: Run Behavior\BuildLiteBehavior [ RunTime:0.000000s ]
INFO: [ app_init ] --END-- [ RunTime:0.001000s ]

[ 2017-07-14T13:18:25+08:00 ] 127.0.0.1 /shop/index.php/Home/index/images/top_2.gif
INFO: [ app_init ] --START--
INFO: Run Behavior\BuildLiteBehavior [ RunTime:0.000000s ]
INFO: [ app_init ] --END-- [ RunTime:0.004000s ]

[ 2017-07-14T13:18:25+08:00 ] 127.0.0.1 /shop/index.php/Home/index/images/sousuo.gif
INFO: [ app_init ] --START--
INFO: Run Behavior\BuildLiteBehavior [ RunTime:0.000000s ]
INFO: [ app_init ] --END-- [ RunTime:0.002000s ]

[ 2017-07-14T13:18:25+08:00 ] 127.0.0.1 /shop/index.php/Home/index/images/3_thumb_G_1241422082679.jpg
INFO: [ app_init ] --START--
INFO: Run Behavior\BuildLiteBehavior [ RunTime:0.000000s ]
INFO: [ app_init ] --END-- [ RunTime:0.002000s ]

[ 2017-07-14T13:18:25+08:00 ] 127.0.0.1 /shop/index.php/Home/index/images/top_1.gif
INFO: [ app_init ] --START--
INFO: Run Behavior\BuildLiteBehavior [ RunTime:0.000000s ]
INFO: [ app_init ] --END-- [ RunTime:0.003000s ]

[ 2017-07-14T13:18:25+08:00 ] 127.0.0.1 /shop/index.php/Home/index/images/biao6.gif
INFO: [ app_init ] --START--
INFO: Run Behavior\BuildLiteBehavior [ RunTime:0.000000s ]
INFO: [ app_init ] --END-- [ RunTime:0.001001s ]

[ 2017-07-14T13:18:25+08:00 ] 127.0.0.1 /shop/index.php/Home/index/images/biao3.gif
INFO: [ app_init ] --START--
INFO: Run Behavior\BuildLiteBehavior [ RunTime:0.000000s ]
INFO: [ app_init ] --END-- [ RunTime:0.002000s ]

[ 2017-07-14T13:18:25+08:00 ] 127.0.0.1 /shop/index.php/Home/index/images/12_thumb_G_1241965978410.jpg
INFO: [ app_init ] --START--
INFO: Run Behavior\BuildLiteBehavior [ RunTime:0.000000s ]
INFO: [ app_init ] --END-- [ RunTime:0.002001s ]

[ 2017-07-14T13:18:25+08:00 ] 127.0.0.1 /shop/index.php/Home/index/images/top_3.gif
INFO: [ app_init ] --START--
INFO: Run Behavior\BuildLiteBehavior [ RunTime:0.000000s ]
INFO: [ app_init ] --END-- [ RunTime:0.002000s ]

[ 2017-07-14T13:18:25+08:00 ] 127.0.0.1 /shop/index.php/Home/index/images/top_6.gif
INFO: [ app_init ] --START--
INFO: Run Behavior\BuildLiteBehavior [ RunTime:0.000000s ]
INFO: [ app_init ] --END-- [ RunTime:0.001001s ]

[ 2017-07-14T13:18:25+08:00 ] 127.0.0.1 /shop/index.php/Home/index/images/top_4.gif
INFO: [ app_init ] --START--
INFO: Run Behavior\BuildLiteBehavior [ RunTime:0.000000s ]
INFO: [ app_init ] --END-- [ RunTime:0.002000s ]

[ 2017-07-14T13:18:25+08:00 ] 127.0.0.1 /shop/index.php/Home/index/images/top_5.gif
INFO: [ app_init ] --START--
INFO: Run Behavior\BuildLiteBehavior [ RunTime:0.000000s ]
INFO: [ app_init ] --END-- [ RunTime:0.002000s ]

[ 2017-07-14T13:18:25+08:00 ] 127.0.0.1 /shop/index.php/Home/index/images/1240803062307572427.gif
INFO: [ app_init ] --START--
INFO: Run Behavior\BuildLiteBehavior [ RunTime:0.000000s ]
INFO: [ app_init ] --END-- [ RunTime:0.001000s ]

[ 2017-07-14T13:18:25+08:00 ] 127.0.0.1 /shop/index.php/Home/index/images/111.jpg
INFO: [ app_init ] --START--
INFO: Run Behavior\BuildLiteBehavior [ RunTime:0.000000s ]
INFO: [ app_init ] --END-- [ RunTime:0.002000s ]

[ 2017-07-14T13:18:25+08:00 ] 127.0.0.1 /shop/index.php/Home/index/images/top_7.gif
INFO: [ app_init ] --START--
INFO: Run Behavior\BuildLiteBehavior [ RunTime:0.000000s ]
INFO: [ app_init ] --END-- [ RunTime:0.002000s ]

[ 2017-07-14T13:18:25+08:00 ] 127.0.0.1 /shop/index.php/Home/index/images/9_thumb_G_1241511871555.jpg
INFO: [ app_init ] --START--
INFO: Run Behavior\BuildLiteBehavior [ RunTime:0.000000s ]
INFO: [ app_init ] --END-- [ RunTime:0.002000s ]

[ 2017-07-14T13:18:25+08:00 ] 127.0.0.1 /shop/index.php/Home/index/images/1240802922410634065.gif
INFO: [ app_init ] --START--
INFO: Run Behavior\BuildLiteBehavior [ RunTime:0.001000s ]
INFO: [ app_init ] --END-- [ RunTime:0.002000s ]

[ 2017-07-14T13:18:25+08:00 ] 127.0.0.1 /shop/index.php/Home/index/images/1240803144788047486.gif
INFO: [ app_init ] --START--
INFO: Run Behavior\BuildLiteBehavior [ RunTime:0.000000s ]
INFO: [ app_init ] --END-- [ RunTime:0.001000s ]

[ 2017-07-14T13:18:25+08:00 ] 127.0.0.1 /shop/index.php/Home/index/images/1_thumb_G_1240902890710.jpg
INFO: [ app_init ] --START--
INFO: Run Behavior\BuildLiteBehavior [ RunTime:0.000000s ]
INFO: [ app_init ] --END-- [ RunTime:0.002000s ]

[ 2017-07-14T13:18:25+08:00 ] 127.0.0.1 /shop/index.php/Home/index/images/8_thumb_G_1241425513488.jpg
INFO: [ app_init ] --START--
INFO: Run Behavior\BuildLiteBehavior [ RunTime:0.000000s ]
INFO: [ app_init ] --END-- [ RunTime:0.002000s ]

[ 2017-07-14T13:18:25+08:00 ] 127.0.0.1 /shop/index.php/Home/index/images/yongda_logo.gif
INFO: [ app_init ] --START--
INFO: Run Behavior\BuildLiteBehavior [ RunTime:0.000000s ]
INFO: [ app_init ] --END-- [ RunTime:0.002000s ]

[ 2017-07-14T13:18:25+08:00 ] 127.0.0.1 /shop/index.php/Home/index/images/di.jpg
INFO: [ app_init ] --START--
INFO: Run Behavior\BuildLiteBehavior [ RunTime:0.001000s ]
INFO: [ app_init ] --END-- [ RunTime:0.002001s ]

[ 2017-07-14T13:18:25+08:00 ] 127.0.0.1 /shop/index.php/Home/index/images/ecmoban_link.jpg
INFO: [ app_init ] --START--
INFO: Run Behavior\BuildLiteBehavior [ RunTime:0.001000s ]
INFO: [ app_init ] --END-- [ RunTime:0.002000s ]

[ 2017-07-14T13:19:20+08:00 ] 127.0.0.1 /shop/index.php?m=Home&c=index&a=index
INFO: [ app_init ] --START--
INFO: Run Behavior\BuildLiteBehavior [ RunTime:0.000000s ]
INFO: [ app_init ] --END-- [ RunTime:0.003000s ]
INFO: [ app_begin ] --START--
INFO: Run Behavior\ReadHtmlCacheBehavior [ RunTime:0.004001s ]
INFO: [ app_begin ] --END-- [ RunTime:0.004001s ]
INFO: [ view_parse ] --START--
INFO: [ template_filter ] --START--
INFO: Run Behavior\ContentReplaceBehavior [ RunTime:0.001000s ]
INFO: [ template_filter ] --END-- [ RunTime:0.001000s ]
INFO: Run Behavior\ParseTemplateBehavior [ RunTime:0.074004s ]
INFO: [ view_parse ] --END-- [ RunTime:0.075004s ]
INFO: [ view_filter ] --START--
INFO: Run Behavior\WriteHtmlCacheBehavior [ RunTime:0.002000s ]
INFO: [ view_filter ] --END-- [ RunTime:0.003000s ]
INFO: [ app_end ] --START--
INFO: Run Behavior\ShowPageTraceBehavior [ RunTime:0.007001s ]
INFO: [ app_end ] --END-- [ RunTime:0.007001s ]

[ 2017-07-14T13:24:35+08:00 ] 127.0.0.1 /shop/index.php/Home/index/index
INFO: [ app_init ] --START--
INFO: Run Behavior\BuildLiteBehavior [ RunTime:0.000000s ]
INFO: [ app_init ] --END-- [ RunTime:0.002000s ]
INFO: [ app_begin ] --START--
INFO: Run Behavior\ReadHtmlCacheBehavior [ RunTime:0.006000s ]
INFO: [ app_begin ] --END-- [ RunTime:0.007000s ]
INFO: [ view_parse ] --START--
INFO: [ template_filter ] --START--
INFO: Run Behavior\ContentReplaceBehavior [ RunTime:0.001001s ]
INFO: [ template_filter ] --END-- [ RunTime:0.001001s ]
INFO: Run Behavior\ParseTemplateBehavior [ RunTime:0.096005s ]
INFO: [ view_parse ] --END-- [ RunTime:0.096005s ]
INFO: [ view_filter ] --START--
INFO: Run Behavior\WriteHtmlCacheBehavior [ RunTime:0.007000s ]
INFO: [ view_filter ] --END-- [ RunTime:0.008000s ]
INFO: [ app_end ] --START--
INFO: Run Behavior\ShowPageTraceBehavior [ RunTime:0.004000s ]
INFO: [ app_end ] --END-- [ RunTime:0.004000s ]

[ 2017-07-14T13:24:35+08:00 ] 127.0.0.1 /shop/index.php/Home/index/images/logo.gif
INFO: [ app_init ] --START--
INFO: Run Behavior\BuildLiteBehavior [ RunTime:0.000000s ]
INFO: [ app_init ] --END-- [ RunTime:0.001000s ]

[ 2017-07-14T13:24:35+08:00 ] 127.0.0.1 /shop/index.php/Home/index/images/top_1.gif
INFO: [ app_init ] --START--
INFO: Run Behavior\BuildLiteBehavior [ RunTime:0.001000s ]
INFO: [ app_init ] --END-- [ RunTime:0.003000s ]

[ 2017-07-14T13:24:35+08:00 ] 127.0.0.1 /shop/index.php/Home/index/images/3_thumb_G_1241422082679.jpg
INFO: [ app_init ] --START--
INFO: Run Behavior\BuildLiteBehavior [ RunTime:0.000000s ]
INFO: [ app_init ] --END-- [ RunTime:0.004000s ]

[ 2017-07-14T13:24:35+08:00 ] 127.0.0.1 /shop/index.php/Home/index/images/biao7.gif
INFO: [ app_init ] --START--
INFO: Run Behavior\BuildLiteBehavior [ RunTime:0.000000s ]
INFO: [ app_init ] --END-- [ RunTime:0.002000s ]

[ 2017-07-14T13:24:35+08:00 ] 127.0.0.1 /shop/index.php/Home/index/images/top_2.gif
INFO: [ app_init ] --START--
INFO: Run Behavior\BuildLiteBehavior [ RunTime:0.000000s ]
INFO: [ app_init ] --END-- [ RunTime:0.001000s ]

[ 2017-07-14T13:24:35+08:00 ] 127.0.0.1 /shop/index.php/Home/index/images/24_thumb_G_1241971981429.jpg
INFO: [ app_init ] --START--
INFO: Run Behavior\BuildLiteBehavior [ RunTime:0.000000s ]
INFO: [ app_init ] --END-- [ RunTime:0.002001s ]

[ 2017-07-14T13:24:36+08:00 ] 127.0.0.1 /shop/index.php/Home/index/images/biao3.gif
INFO: [ app_init ] --START--
INFO: Run Behavior\BuildLiteBehavior [ RunTime:0.000000s ]
INFO: [ app_init ] --END-- [ RunTime:0.002000s ]

[ 2017-07-14T13:24:36+08:00 ] 127.0.0.1 /shop/index.php/Home/index/images/biao6.gif
INFO: [ app_init ] --START--
INFO: Run Behavior\BuildLiteBehavior [ RunTime:0.000000s ]
INFO: [ app_init ] --END-- [ RunTime:0.002000s ]

[ 2017-07-14T13:24:36+08:00 ] 127.0.0.1 /shop/index.php/Home/index/images/top_3.gif
INFO: [ app_init ] --START--
INFO: Run Behavior\BuildLiteBehavior [ RunTime:0.000000s ]
INFO: [ app_init ] --END-- [ RunTime:0.002000s ]

[ 2017-07-14T13:24:36+08:00 ] 127.0.0.1 /shop/index.php/Home/index/images/12_thumb_G_1241965978410.jpg
INFO: [ app_init ] --START--
INFO: Run Behavior\BuildLiteBehavior [ RunTime:0.000000s ]
INFO: [ app_init ] --END-- [ RunTime:0.004000s ]

[ 2017-07-14T13:24:36+08:00 ] 127.0.0.1 /shop/index.php/Home/index/images/top_5.gif
INFO: [ app_init ] --START--
INFO: Run Behavior\BuildLiteBehavior [ RunTime:0.000000s ]
INFO: [ app_init ] --END-- [ RunTime:0.001000s ]

[ 2017-07-14T13:24:36+08:00 ] 127.0.0.1 /shop/index.php/Home/index/images/top_4.gif
INFO: [ app_init ] --START--
INFO: Run Behavior\BuildLiteBehavior [ RunTime:0.000000s ]
INFO: [ app_init ] --END-- [ RunTime:0.010001s ]

[ 2017-07-14T13:24:36+08:00 ] 127.0.0.1 /shop/index.php/Home/index/images/top_7.gif
INFO: [ app_init ] --START--
INFO: Run Behavior\BuildLiteBehavior [ RunTime:0.000000s ]
INFO: [ app_init ] --END-- [ RunTime:0.002000s ]

[ 2017-07-14T13:24:36+08:00 ] 127.0.0.1 /shop/index.php/Home/index/images/top_6.gif
INFO: [ app_init ] --START--
INFO: Run Behavior\BuildLiteBehavior [ RunTime:0.000000s ]
INFO: [ app_init ] --END-- [ RunTime:0.004001s ]

[ 2017-07-14T13:24:36+08:00 ] 127.0.0.1 /shop/index.php/Home/index/images/1240802922410634065.gif
INFO: [ app_init ] --START--
INFO: Run Behavior\BuildLiteBehavior [ RunTime:0.000000s ]
INFO: [ app_init ] --END-- [ RunTime:0.001000s ]

[ 2017-07-14T13:24:36+08:00 ] 127.0.0.1 /shop/index.php/Home/index/images/1240803062307572427.gif
INFO: [ app_init ] --START--
INFO: Run Behavior\BuildLiteBehavior [ RunTime:0.000000s ]
INFO: [ app_init ] --END-- [ RunTime:0.047003s ]

[ 2017-07-14T13:24:36+08:00 ] 127.0.0.1 /shop/index.php/Home/index/images/9_thumb_G_1241511871555.jpg
INFO: [ app_init ] --START--
INFO: Run Behavior\BuildLiteBehavior [ RunTime:0.000000s ]
INFO: [ app_init ] --END-- [ RunTime:0.002001s ]

[ 2017-07-14T13:24:36+08:00 ] 127.0.0.1 /shop/index.php/Home/index/images/111.jpg
INFO: [ app_init ] --START--
INFO: Run Behavior\BuildLiteBehavior [ RunTime:0.000000s ]
INFO: [ app_init ] --END-- [ RunTime:0.002000s ]

[ 2017-07-14T13:24:36+08:00 ] 127.0.0.1 /shop/index.php/Home/index/images/1240803144788047486.gif
INFO: [ app_init ] --START--
INFO: Run Behavior\BuildLiteBehavior [ RunTime:0.000000s ]
INFO: [ app_init ] --END-- [ RunTime:0.001000s ]

[ 2017-07-14T13:24:36+08:00 ] 127.0.0.1 /shop/index.php/Home/index/images/1_thumb_G_1240902890710.jpg
INFO: [ app_init ] --START--
INFO: Run Behavior\BuildLiteBehavior [ RunTime:0.000000s ]
INFO: [ app_init ] --END-- [ RunTime:0.004000s ]

[ 2017-07-14T13:24:36+08:00 ] 127.0.0.1 /shop/index.php/Home/index/images/8_thumb_G_1241425513488.jpg
INFO: [ app_init ] --START--
INFO: Run Behavior\BuildLiteBehavior [ RunTime:0.000000s ]
INFO: [ app_init ] --END-- [ RunTime:0.001000s ]

[ 2017-07-14T13:24:36+08:00 ] 127.0.0.1 /shop/index.php/Home/index/images/di.jpg
INFO: [ app_init ] --START--
INFO: Run Behavior\BuildLiteBehavior [ RunTime:0.000000s ]
INFO: [ app_init ] --END-- [ RunTime:0.002000s ]

[ 2017-07-14T13:24:36+08:00 ] 127.0.0.1 /shop/index.php/Home/index/images/sousuo.gif
INFO: [ app_init ] --START--
INFO: Run Behavior\BuildLiteBehavior [ RunTime:0.000000s ]
INFO: [ app_init ] --END-- [ RunTime:0.003001s ]

[ 2017-07-14T13:24:36+08:00 ] 127.0.0.1 /shop/index.php/Home/index/images/yongda_logo.gif
INFO: [ app_init ] --START--
INFO: Run Behavior\BuildLiteBehavior [ RunTime:0.000000s ]
INFO: [ app_init ] --END-- [ RunTime:0.001000s ]

[ 2017-07-14T13:24:36+08:00 ] 127.0.0.1 /shop/index.php/Home/index/images/ecmoban_link.jpg
INFO: [ app_init ] --START--
INFO: Run Behavior\BuildLiteBehavior [ RunTime:0.000000s ]
INFO: [ app_init ] --END-- [ RunTime:0.001000s ]

[ 2017-07-14T13:25:04+08:00 ] 127.0.0.1 /shop/index.php/Home/index/images/111.jpg
INFO: [ app_init ] --START--
INFO: Run Behavior\BuildLiteBehavior [ RunTime:0.000000s ]
INFO: [ app_init ] --END-- [ RunTime:0.001000s ]

[ 2017-07-14T13:25:04+08:00 ] 127.0.0.1 /shop/index.php/Home/index/images/8_thumb_G_1241425513488.jpg
INFO: [ app_init ] --START--
INFO: Run Behavior\BuildLiteBehavior [ RunTime:0.000000s ]
INFO: [ app_init ] --END-- [ RunTime:0.002000s ]

[ 2017-07-14T13:25:04+08:00 ] 127.0.0.1 /shop/index.php/Home/index/images/9_thumb_G_1241511871555.jpg
INFO: [ app_init ] --START--
INFO: Run Behavior\BuildLiteBehavior [ RunTime:0.000000s ]
INFO: [ app_init ] --END-- [ RunTime:0.001000s ]

[ 2017-07-14T13:25:04+08:00 ] 127.0.0.1 /shop/index.php/Home/index/images/1240802922410634065.gif
INFO: [ app_init ] --START--
INFO: Run Behavior\BuildLiteBehavior [ RunTime:0.000000s ]
INFO: [ app_init ] --END-- [ RunTime:0.002000s ]

[ 2017-07-14T13:25:04+08:00 ] 127.0.0.1 /shop/index.php/Home/index/images/sousuo.gif
INFO: [ app_init ] --START--
INFO: Run Behavior\BuildLiteBehavior [ RunTime:0.000000s ]
INFO: [ app_init ] --END-- [ RunTime:0.002000s ]

[ 2017-07-14T13:25:04+08:00 ] 127.0.0.1 /shop/index.php/Home/index/images/1240803144788047486.gif
INFO: [ app_init ] --START--
INFO: Run Behavior\BuildLiteBehavior [ RunTime:0.001000s ]
INFO: [ app_init ] --END-- [ RunTime:0.002000s ]

[ 2017-07-14T13:25:04+08:00 ] 127.0.0.1 /shop/index.php/Home/index/images/1_thumb_G_1240902890710.jpg
INFO: [ app_init ] --START--
INFO: Run Behavior\BuildLiteBehavior [ RunTime:0.000000s ]
INFO: [ app_init ] --END-- [ RunTime:0.033001s ]

[ 2017-07-14T13:25:04+08:00 ] 127.0.0.1 /shop/index.php/Home/index/images/ecmoban_link.jpg
INFO: [ app_init ] --START--
INFO: Run Behavior\BuildLiteBehavior [ RunTime:0.000000s ]
INFO: [ app_init ] --END-- [ RunTime:0.002000s ]

[ 2017-07-14T13:25:04+08:00 ] 127.0.0.1 /shop/index.php/Home/index/images/di.jpg
INFO: [ app_init ] --START--
INFO: Run Behavior\BuildLiteBehavior [ RunTime:0.000000s ]
INFO: [ app_init ] --END-- [ RunTime:0.004000s ]

[ 2017-07-14T13:25:04+08:00 ] 127.0.0.1 /shop/index.php/Home/index/images/yongda_logo.gif
INFO: [ app_init ] --START--
INFO: Run Behavior\BuildLiteBehavior [ RunTime:0.000000s ]
INFO: [ app_init ] --END-- [ RunTime:0.002000s ]

[ 2017-07-14T13:25:12+08:00 ] 127.0.0.1 /shop/index.php/Home/index/images/top_7.gif
INFO: [ app_init ] --START--
INFO: Run Behavior\BuildLiteBehavior [ RunTime:0.000000s ]
INFO: [ app_init ] --END-- [ RunTime:0.003000s ]

[ 2017-07-14T13:25:12+08:00 ] 127.0.0.1 /shop/index.php/Home/index/images/1240803062307572427.gif
INFO: [ app_init ] --START--
INFO: Run Behavior\BuildLiteBehavior [ RunTime:0.000000s ]
INFO: [ app_init ] --END-- [ RunTime:0.003000s ]

[ 2017-07-14T13:25:12+08:00 ] 127.0.0.1 /shop/index.php/Home/index/images/12_thumb_G_1241965978410.jpg
INFO: [ app_init ] --START--
INFO: Run Behavior\BuildLiteBehavior [ RunTime:0.000000s ]
INFO: [ app_init ] --END-- [ RunTime:0.003000s ]

[ 2017-07-14T13:25:12+08:00 ] 127.0.0.1 /shop/index.php/Home/index/images/24_thumb_G_1241971981429.jpg
INFO: [ app_init ] --START--
INFO: Run Behavior\BuildLiteBehavior [ RunTime:0.000000s ]
INFO: [ app_init ] --END-- [ RunTime:0.002000s ]

[ 2017-07-14T13:25:12+08:00 ] 127.0.0.1 /shop/index.php/Home/index/images/top_3.gif
INFO: [ app_init ] --START--
INFO: Run Behavior\BuildLiteBehavior [ RunTime:0.000000s ]
INFO: [ app_init ] --END-- [ RunTime:0.002000s ]

[ 2017-07-14T13:25:12+08:00 ] 127.0.0.1 /shop/index.php/Home/index/images/top_2.gif
INFO: [ app_init ] --START--
INFO: Run Behavior\BuildLiteBehavior [ RunTime:0.000000s ]
INFO: [ app_init ] --END-- [ RunTime:0.006001s ]

[ 2017-07-14T13:25:13+08:00 ] 127.0.0.1 /shop/index.php/Home/index/images/3_thumb_G_1241422082679.jpg
INFO: [ app_init ] --START--
INFO: Run Behavior\BuildLiteBehavior [ RunTime:0.000000s ]
INFO: [ app_init ] --END-- [ RunTime:0.038002s ]

[ 2017-07-14T13:25:17+08:00 ] 127.0.0.1 /shop/index.php/Home/index/images/biao7.gif
INFO: [ app_init ] --START--
INFO: Run Behavior\BuildLiteBehavior [ RunTime:0.000000s ]
INFO: [ app_init ] --END-- [ RunTime:0.001000s ]

[ 2017-07-14T13:25:17+08:00 ] 127.0.0.1 /shop/index.php/Home/index/images/top_1.gif
INFO: [ app_init ] --START--
INFO: Run Behavior\BuildLiteBehavior [ RunTime:0.000000s ]
INFO: [ app_init ] --END-- [ RunTime:0.001000s ]

[ 2017-07-14T13:25:17+08:00 ] 127.0.0.1 /shop/index.php/Home/index/images/biao3.gif
INFO: [ app_init ] --START--
INFO: Run Behavior\BuildLiteBehavior [ RunTime:0.000000s ]
INFO: [ app_init ] --END-- [ RunTime:0.002000s ]

[ 2017-07-14T13:25:17+08:00 ] 127.0.0.1 /shop/index.php/Home/index/images/biao6.gif
INFO: [ app_init ] --START--
INFO: Run Behavior\BuildLiteBehavior [ RunTime:0.000000s ]
INFO: [ app_init ] --END-- [ RunTime:0.002000s ]

[ 2017-07-14T13:25:17+08:00 ] 127.0.0.1 /shop/index.php/Home/index/images/logo.gif
INFO: [ app_init ] --START--
INFO: Run Behavior\BuildLiteBehavior [ RunTime:0.000000s ]
INFO: [ app_init ] --END-- [ RunTime:0.002000s ]

[ 2017-07-14T13:32:51+08:00 ] 127.0.0.1 /shop/index.php/Home/index/index
INFO: [ app_init ] --START--
INFO: Run Behavior\BuildLiteBehavior [ RunTime:0.000000s ]
INFO: [ app_init ] --END-- [ RunTime:0.002000s ]
INFO: [ app_begin ] --START--
INFO: Run Behavior\ReadHtmlCacheBehavior [ RunTime:0.005000s ]
INFO: [ app_begin ] --END-- [ RunTime:0.005000s ]
INFO: [ view_parse ] --START--
INFO: [ template_filter ] --START--
INFO: Run Behavior\ContentReplaceBehavior [ RunTime:0.002000s ]
INFO: [ template_filter ] --END-- [ RunTime:0.002000s ]
NOTIC: [8] Use of undefined constant ING_URL - assumed 'ING_URL' D:\phpStudy\WWW\tp3\shop\Runtime\Cache\Home\ebd2203b9a909fed1a846a15a1f0ee42.php 第 16 行.
NOTIC: [8] Use of undefined constant ING_URL - assumed 'ING_URL' D:\phpStudy\WWW\tp3\shop\Runtime\Cache\Home\ebd2203b9a909fed1a846a15a1f0ee42.php 第 53 行.
NOTIC: [8] Use of undefined constant ING_URL - assumed 'ING_URL' D:\phpStudy\WWW\tp3\shop\Runtime\Cache\Home\ebd2203b9a909fed1a846a15a1f0ee42.php 第 60 行.
NOTIC: [8] Use of undefined constant ING_URL - assumed 'ING_URL' D:\phpStudy\WWW\tp3\shop\Runtime\Cache\Home\ebd2203b9a909fed1a846a15a1f0ee42.php 第 64 行.
NOTIC: [8] Use of undefined constant ING_URL - assumed 'ING_URL' D:\phpStudy\WWW\tp3\shop\Runtime\Cache\Home\ebd2203b9a909fed1a846a15a1f0ee42.php 第 67 行.
NOTIC: [8] Use of undefined constant ING_URL - assumed 'ING_URL' D:\phpStudy\WWW\tp3\shop\Runtime\Cache\Home\ebd2203b9a909fed1a846a15a1f0ee42.php 第 120 行.
NOTIC: [8] Use of undefined constant ING_URL - assumed 'ING_URL' D:\phpStudy\WWW\tp3\shop\Runtime\Cache\Home\ebd2203b9a909fed1a846a15a1f0ee42.php 第 122 行.
NOTIC: [8] Use of undefined constant ING_URL - assumed 'ING_URL' D:\phpStudy\WWW\tp3\shop\Runtime\Cache\Home\ebd2203b9a909fed1a846a15a1f0ee42.php 第 131 行.
NOTIC: [8] Use of undefined constant ING_URL - assumed 'ING_URL' D:\phpStudy\WWW\tp3\shop\Runtime\Cache\Home\ebd2203b9a909fed1a846a15a1f0ee42.php 第 133 行.
NOTIC: [8] Use of undefined constant ING_URL - assumed 'ING_URL' D:\phpStudy\WWW\tp3\shop\Runtime\Cache\Home\ebd2203b9a909fed1a846a15a1f0ee42.php 第 142 行.
NOTIC: [8] Use of undefined constant ING_URL - assumed 'ING_URL' D:\phpStudy\WWW\tp3\shop\Runtime\Cache\Home\ebd2203b9a909fed1a846a15a1f0ee42.php 第 144 行.
NOTIC: [8] Use of undefined constant ING_URL - assumed 'ING_URL' D:\phpStudy\WWW\tp3\shop\Runtime\Cache\Home\ebd2203b9a909fed1a846a15a1f0ee42.php 第 153 行.
NOTIC: [8] Use of undefined constant ING_URL - assumed 'ING_URL' D:\phpStudy\WWW\tp3\shop\Runtime\Cache\Home\ebd2203b9a909fed1a846a15a1f0ee42.php 第 161 行.
NOTIC: [8] Use of undefined constant ING_URL - assumed 'ING_URL' D:\phpStudy\WWW\tp3\shop\Runtime\Cache\Home\ebd2203b9a909fed1a846a15a1f0ee42.php 第 169 行.
NOTIC: [8] Use of undefined constant ING_URL - assumed 'ING_URL' D:\phpStudy\WWW\tp3\shop\Runtime\Cache\Home\ebd2203b9a909fed1a846a15a1f0ee42.php 第 177 行.
NOTIC: [8] Use of undefined constant ING_URL - assumed 'ING_URL' D:\phpStudy\WWW\tp3\shop\Runtime\Cache\Home\ebd2203b9a909fed1a846a15a1f0ee42.php 第 190 行.
NOTIC: [8] Use of undefined constant ING_URL - assumed 'ING_URL' D:\phpStudy\WWW\tp3\shop\Runtime\Cache\Home\ebd2203b9a909fed1a846a15a1f0ee42.php 第 191 行.
NOTIC: [8] Use of undefined constant ING_URL - assumed 'ING_URL' D:\phpStudy\WWW\tp3\shop\Runtime\Cache\Home\ebd2203b9a909fed1a846a15a1f0ee42.php 第 192 行.
NOTIC: [8] Use of undefined constant ING_URL - assumed 'ING_URL' D:\phpStudy\WWW\tp3\shop\Runtime\Cache\Home\ebd2203b9a909fed1a846a15a1f0ee42.php 第 201 行.
NOTIC: [8] Use of undefined constant ING_URL - assumed 'ING_URL' D:\phpStudy\WWW\tp3\shop\Runtime\Cache\Home\ebd2203b9a909fed1a846a15a1f0ee42.php 第 218 行.
NOTIC: [8] Use of undefined constant ING_URL - assumed 'ING_URL' D:\phpStudy\WWW\tp3\shop\Runtime\Cache\Home\ebd2203b9a909fed1a846a15a1f0ee42.php 第 226 行.
NOTIC: [8] Use of undefined constant ING_URL - assumed 'ING_URL' D:\phpStudy\WWW\tp3\shop\Runtime\Cache\Home\ebd2203b9a909fed1a846a15a1f0ee42.php 第 234 行.
NOTIC: [8] Use of undefined constant ING_URL - assumed 'ING_URL' D:\phpStudy\WWW\tp3\shop\Runtime\Cache\Home\ebd2203b9a909fed1a846a15a1f0ee42.php 第 256 行.
NOTIC: [8] Use of undefined constant ING_URL - assumed 'ING_URL' D:\phpStudy\WWW\tp3\shop\Runtime\Cache\Home\ebd2203b9a909fed1a846a15a1f0ee42.php 第 267 行.
NOTIC: [8] Use of undefined constant ING_URL - assumed 'ING_URL' D:\phpStudy\WWW\tp3\shop\Runtime\Cache\Home\ebd2203b9a909fed1a846a15a1f0ee42.php 第 278 行.
NOTIC: [8] Use of undefined constant ING_URL - assumed 'ING_URL' D:\phpStudy\WWW\tp3\shop\Runtime\Cache\Home\ebd2203b9a909fed1a846a15a1f0ee42.php 第 303 行.
NOTIC: [8] Use of undefined constant ING_URL - assumed 'ING_URL' D:\phpStudy\WWW\tp3\shop\Runtime\Cache\Home\ebd2203b9a909fed1a846a15a1f0ee42.php 第 311 行.
NOTIC: [8] Use of undefined constant ING_URL - assumed 'ING_URL' D:\phpStudy\WWW\tp3\shop\Runtime\Cache\Home\ebd2203b9a909fed1a846a15a1f0ee42.php 第 319 行.
NOTIC: [8] Use of undefined constant ING_URL - assumed 'ING_URL' D:\phpStudy\WWW\tp3\shop\Runtime\Cache\Home\ebd2203b9a909fed1a846a15a1f0ee42.php 第 426 行.
NOTIC: [8] Use of undefined constant ING_URL - assumed 'ING_URL' D:\phpStudy\WWW\tp3\shop\Runtime\Cache\Home\ebd2203b9a909fed1a846a15a1f0ee42.php 第 477 行.
NOTIC: [8] Use of undefined constant ING_URL - assumed 'ING_URL' D:\phpStudy\WWW\tp3\shop\Runtime\Cache\Home\ebd2203b9a909fed1a846a15a1f0ee42.php 第 480 行.
INFO: Run Behavior\ParseTemplateBehavior [ RunTime:0.135008s ]
INFO: [ view_parse ] --END-- [ RunTime:0.135008s ]
INFO: [ view_filter ] --START--
INFO: Run Behavior\WriteHtmlCacheBehavior [ RunTime:0.002000s ]
INFO: [ view_filter ] --END-- [ RunTime:0.003000s ]
INFO: [ app_end ] --START--
INFO: Run Behavior\ShowPageTraceBehavior [ RunTime:0.004001s ]
INFO: [ app_end ] --END-- [ RunTime:0.004001s ]

[ 2017-07-14T13:32:51+08:00 ] 127.0.0.1 /shop/index.php/Home/index/ING_URLlogo.gif
INFO: [ app_init ] --START--
INFO: Run Behavior\BuildLiteBehavior [ RunTime:0.000000s ]
INFO: [ app_init ] --END-- [ RunTime:0.002000s ]

[ 2017-07-14T13:32:51+08:00 ] 127.0.0.1 /shop/index.php/Home/index/ING_URLsousuo.gif
INFO: [ app_init ] --START--
INFO: Run Behavior\BuildLiteBehavior [ RunTime:0.000000s ]
INFO: [ app_init ] --END-- [ RunTime:0.002000s ]

[ 2017-07-14T13:32:51+08:00 ] 127.0.0.1 /shop/index.php/Home/index/ING_URLbiao7.gif
INFO: [ app_init ] --START--
INFO: Run Behavior\BuildLiteBehavior [ RunTime:0.000000s ]
INFO: [ app_init ] --END-- [ RunTime:0.002001s ]

[ 2017-07-14T13:32:51+08:00 ] 127.0.0.1 /shop/index.php/Home/index/ING_URLtop_1.gif
INFO: [ app_init ] --START--
INFO: Run Behavior\BuildLiteBehavior [ RunTime:0.000000s ]
INFO: [ app_init ] --END-- [ RunTime:0.003000s ]

[ 2017-07-14T13:32:51+08:00 ] 127.0.0.1 /shop/index.php/Home/index/ING_URL3_thumb_G_1241422082679.jpg
INFO: [ app_init ] --START--
INFO: Run Behavior\BuildLiteBehavior [ RunTime:0.000000s ]
INFO: [ app_init ] --END-- [ RunTime:0.003000s ]

[ 2017-07-14T13:32:51+08:00 ] 127.0.0.1 /shop/index.php/Home/index/ING_URLtop_2.gif
INFO: [ app_init ] --START--
INFO: Run Behavior\BuildLiteBehavior [ RunTime:0.000000s ]
INFO: [ app_init ] --END-- [ RunTime:0.002000s ]

[ 2017-07-14T13:32:51+08:00 ] 127.0.0.1 /shop/index.php/Home/index/ING_URL1_thumb_G_1240902890710.jpg
INFO: [ app_init ] --START--
INFO: Run Behavior\BuildLiteBehavior [ RunTime:0.000000s ]
INFO: [ app_init ] --END-- [ RunTime:0.002001s ]

[ 2017-07-14T13:32:51+08:00 ] 127.0.0.1 /shop/index.php/Home/index/ING_URL111.jpg
INFO: [ app_init ] --START--
INFO: Run Behavior\BuildLiteBehavior [ RunTime:0.000000s ]
INFO: [ app_init ] --END-- [ RunTime:0.002000s ]

[ 2017-07-14T13:32:51+08:00 ] 127.0.0.1 /shop/index.php/Home/index/ING_URLbiao3.gif
INFO: [ app_init ] --START--
INFO: Run Behavior\BuildLiteBehavior [ RunTime:0.000000s ]
INFO: [ app_init ] --END-- [ RunTime:0.002000s ]

[ 2017-07-14T13:32:51+08:00 ] 127.0.0.1 /shop/index.php/Home/index/ING_URL24_thumb_G_1241971981429.jpg
INFO: [ app_init ] --START--
INFO: Run Behavior\BuildLiteBehavior [ RunTime:0.000000s ]
INFO: [ app_init ] --END-- [ RunTime:0.001000s ]

[ 2017-07-14T13:32:52+08:00 ] 127.0.0.1 /shop/index.php/Home/index/ING_URLbiao6.gif
INFO: [ app_init ] --START--
INFO: Run Behavior\BuildLiteBehavior [ RunTime:0.000000s ]
INFO: [ app_init ] --END-- [ RunTime:0.002000s ]

[ 2017-07-14T13:32:52+08:00 ] 127.0.0.1 /shop/index.php/Home/index/ING_URL8_thumb_G_1241425513488.jpg
INFO: [ app_init ] --START--
INFO: Run Behavior\BuildLiteBehavior [ RunTime:0.000000s ]
INFO: [ app_init ] --END-- [ RunTime:0.002000s ]

[ 2017-07-14T13:32:52+08:00 ] 127.0.0.1 /shop/index.php/Home/index/ING_URL9_thumb_G_1241511871555.jpg
INFO: [ app_init ] --START--
INFO: Run Behavior\BuildLiteBehavior [ RunTime:0.000000s ]
INFO: [ app_init ] --END-- [ RunTime:0.002000s ]

[ 2017-07-14T13:32:52+08:00 ] 127.0.0.1 /shop/index.php/Home/index/ING_URLtop_3.gif
INFO: [ app_init ] --START--
INFO: Run Behavior\BuildLiteBehavior [ RunTime:0.000000s ]
INFO: [ app_init ] --END-- [ RunTime:0.002001s ]

[ 2017-07-14T13:32:52+08:00 ] 127.0.0.1 /shop/index.php/Home/index/ING_URLtop_5.gif
INFO: [ app_init ] --START--
INFO: Run Behavior\BuildLiteBehavior [ RunTime:0.000000s ]
INFO: [ app_init ] --END-- [ RunTime:0.002000s ]

[ 2017-07-14T13:32:52+08:00 ] 127.0.0.1 /shop/index.php/Home/index/ING_URLtop_4.gif
INFO: [ app_init ] --START--
INFO: Run Behavior\BuildLiteBehavior [ RunTime:0.000000s ]
INFO: [ app_init ] --END-- [ RunTime:0.001000s ]

[ 2017-07-14T13:32:52+08:00 ] 127.0.0.1 /shop/index.php/Home/index/ING_URL12_thumb_G_1241965978410.jpg
INFO: [ app_init ] --START--
INFO: Run Behavior\BuildLiteBehavior [ RunTime:0.000000s ]
INFO: [ app_init ] --END-- [ RunTime:0.001000s ]

[ 2017-07-14T13:32:52+08:00 ] 127.0.0.1 /shop/index.php/Home/index/ING_URLtop_6.gif
INFO: [ app_init ] --START--
INFO: Run Behavior\BuildLiteBehavior [ RunTime:0.001000s ]
INFO: [ app_init ] --END-- [ RunTime:0.002000s ]

[ 2017-07-14T13:32:52+08:00 ] 127.0.0.1 /shop/index.php/Home/index/ING_URLtop_7.gif
INFO: [ app_init ] --START--
INFO: Run Behavior\BuildLiteBehavior [ RunTime:0.000000s ]
INFO: [ app_init ] --END-- [ RunTime:0.002000s ]

[ 2017-07-14T13:32:52+08:00 ] 127.0.0.1 /shop/index.php/Home/index/ING_URL1240803062307572427.gif
INFO: [ app_init ] --START--
INFO: Run Behavior\BuildLiteBehavior [ RunTime:0.000000s ]
INFO: [ app_init ] --END-- [ RunTime:0.002000s ]

[ 2017-07-14T13:32:52+08:00 ] 127.0.0.1 /shop/index.php/Home/index/ING_URL1240803144788047486.gif
INFO: [ app_init ] --START--
INFO: Run Behavior\BuildLiteBehavior [ RunTime:0.000000s ]
INFO: [ app_init ] --END-- [ RunTime:0.001000s ]

[ 2017-07-14T13:32:52+08:00 ] 127.0.0.1 /shop/index.php/Home/index/ING_URL1240802922410634065.gif
INFO: [ app_init ] --START--
INFO: Run Behavior\BuildLiteBehavior [ RunTime:0.000000s ]
INFO: [ app_init ] --END-- [ RunTime:0.002000s ]

[ 2017-07-14T13:32:52+08:00 ] 127.0.0.1 /shop/index.php/Home/index/ING_URLyongda_logo.gif
INFO: [ app_init ] --START--
INFO: Run Behavior\BuildLiteBehavior [ RunTime:0.000000s ]
INFO: [ app_init ] --END-- [ RunTime:0.002000s ]

[ 2017-07-14T13:32:52+08:00 ] 127.0.0.1 /shop/index.php/Home/index/ING_URLecmoban_link.jpg
INFO: [ app_init ] --START--
INFO: Run Behavior\BuildLiteBehavior [ RunTime:0.000000s ]
INFO: [ app_init ] --END-- [ RunTime:0.003000s ]

[ 2017-07-14T13:32:52+08:00 ] 127.0.0.1 /shop/index.php/Home/index/ING_URLdi.jpg
INFO: [ app_init ] --START--
INFO: Run Behavior\BuildLiteBehavior [ RunTime:0.000000s ]
INFO: [ app_init ] --END-- [ RunTime:0.002000s ]

[ 2017-07-14T13:34:15+08:00 ] 127.0.0.1 /shop/index.php?m=Home&c=index&a=index
INFO: [ app_init ] --START--
INFO: Run Behavior\BuildLiteBehavior [ RunTime:0.000000s ]
INFO: [ app_init ] --END-- [ RunTime:0.001000s ]
INFO: [ app_begin ] --START--
INFO: Run Behavior\ReadHtmlCacheBehavior [ RunTime:0.002000s ]
INFO: [ app_begin ] --END-- [ RunTime:0.002000s ]
INFO: [ view_parse ] --START--
INFO: [ template_filter ] --START--
INFO: Run Behavior\ContentReplaceBehavior [ RunTime:0.000000s ]
INFO: [ template_filter ] --END-- [ RunTime:0.002000s ]
NOTIC: [8] Use of undefined constant ING_URL - assumed 'ING_URL' D:\phpStudy\WWW\tp3\shop\Runtime\Cache\Home\ebd2203b9a909fed1a846a15a1f0ee42.php 第 16 行.
NOTIC: [8] Use of undefined constant ING_URL - assumed 'ING_URL' D:\phpStudy\WWW\tp3\shop\Runtime\Cache\Home\ebd2203b9a909fed1a846a15a1f0ee42.php 第 53 行.
NOTIC: [8] Use of undefined constant ING_URL - assumed 'ING_URL' D:\phpStudy\WWW\tp3\shop\Runtime\Cache\Home\ebd2203b9a909fed1a846a15a1f0ee42.php 第 60 行.
NOTIC: [8] Use of undefined constant ING_URL - assumed 'ING_URL' D:\phpStudy\WWW\tp3\shop\Runtime\Cache\Home\ebd2203b9a909fed1a846a15a1f0ee42.php 第 64 行.
NOTIC: [8] Use of undefined constant ING_URL - assumed 'ING_URL' D:\phpStudy\WWW\tp3\shop\Runtime\Cache\Home\ebd2203b9a909fed1a846a15a1f0ee42.php 第 67 行.
NOTIC: [8] Use of undefined constant ING_URL - assumed 'ING_URL' D:\phpStudy\WWW\tp3\shop\Runtime\Cache\Home\ebd2203b9a909fed1a846a15a1f0ee42.php 第 120 行.
NOTIC: [8] Use of undefined constant ING_URL - assumed 'ING_URL' D:\phpStudy\WWW\tp3\shop\Runtime\Cache\Home\ebd2203b9a909fed1a846a15a1f0ee42.php 第 122 行.
NOTIC: [8] Use of undefined constant ING_URL - assumed 'ING_URL' D:\phpStudy\WWW\tp3\shop\Runtime\Cache\Home\ebd2203b9a909fed1a846a15a1f0ee42.php 第 131 行.
NOTIC: [8] Use of undefined constant ING_URL - assumed 'ING_URL' D:\phpStudy\WWW\tp3\shop\Runtime\Cache\Home\ebd2203b9a909fed1a846a15a1f0ee42.php 第 133 行.
NOTIC: [8] Use of undefined constant ING_URL - assumed 'ING_URL' D:\phpStudy\WWW\tp3\shop\Runtime\Cache\Home\ebd2203b9a909fed1a846a15a1f0ee42.php 第 142 行.
NOTIC: [8] Use of undefined constant ING_URL - assumed 'ING_URL' D:\phpStudy\WWW\tp3\shop\Runtime\Cache\Home\ebd2203b9a909fed1a846a15a1f0ee42.php 第 144 行.
NOTIC: [8] Use of undefined constant ING_URL - assumed 'ING_URL' D:\phpStudy\WWW\tp3\shop\Runtime\Cache\Home\ebd2203b9a909fed1a846a15a1f0ee42.php 第 153 行.
NOTIC: [8] Use of undefined constant ING_URL - assumed 'ING_URL' D:\phpStudy\WWW\tp3\shop\Runtime\Cache\Home\ebd2203b9a909fed1a846a15a1f0ee42.php 第 161 行.
NOTIC: [8] Use of undefined constant ING_URL - assumed 'ING_URL' D:\phpStudy\WWW\tp3\shop\Runtime\Cache\Home\ebd2203b9a909fed1a846a15a1f0ee42.php 第 169 行.
NOTIC: [8] Use of undefined constant ING_URL - assumed 'ING_URL' D:\phpStudy\WWW\tp3\shop\Runtime\Cache\Home\ebd2203b9a909fed1a846a15a1f0ee42.php 第 177 行.
NOTIC: [8] Use of undefined constant ING_URL - assumed 'ING_URL' D:\phpStudy\WWW\tp3\shop\Runtime\Cache\Home\ebd2203b9a909fed1a846a15a1f0ee42.php 第 190 行.
NOTIC: [8] Use of undefined constant ING_URL - assumed 'ING_URL' D:\phpStudy\WWW\tp3\shop\Runtime\Cache\Home\ebd2203b9a909fed1a846a15a1f0ee42.php 第 191 行.
NOTIC: [8] Use of undefined constant ING_URL - assumed 'ING_URL' D:\phpStudy\WWW\tp3\shop\Runtime\Cache\Home\ebd2203b9a909fed1a846a15a1f0ee42.php 第 192 行.
NOTIC: [8] Use of undefined constant ING_URL - assumed 'ING_URL' D:\phpStudy\WWW\tp3\shop\Runtime\Cache\Home\ebd2203b9a909fed1a846a15a1f0ee42.php 第 201 行.
NOTIC: [8] Use of undefined constant ING_URL - assumed 'ING_URL' D:\phpStudy\WWW\tp3\shop\Runtime\Cache\Home\ebd2203b9a909fed1a846a15a1f0ee42.php 第 218 行.
NOTIC: [8] Use of undefined constant ING_URL - assumed 'ING_URL' D:\phpStudy\WWW\tp3\shop\Runtime\Cache\Home\ebd2203b9a909fed1a846a15a1f0ee42.php 第 226 行.
NOTIC: [8] Use of undefined constant ING_URL - assumed 'ING_URL' D:\phpStudy\WWW\tp3\shop\Runtime\Cache\Home\ebd2203b9a909fed1a846a15a1f0ee42.php 第 234 行.
NOTIC: [8] Use of undefined constant ING_URL - assumed 'ING_URL' D:\phpStudy\WWW\tp3\shop\Runtime\Cache\Home\ebd2203b9a909fed1a846a15a1f0ee42.php 第 256 行.
NOTIC: [8] Use of undefined constant ING_URL - assumed 'ING_URL' D:\phpStudy\WWW\tp3\shop\Runtime\Cache\Home\ebd2203b9a909fed1a846a15a1f0ee42.php 第 267 行.
NOTIC: [8] Use of undefined constant ING_URL - assumed 'ING_URL' D:\phpStudy\WWW\tp3\shop\Runtime\Cache\Home\ebd2203b9a909fed1a846a15a1f0ee42.php 第 278 行.
NOTIC: [8] Use of undefined constant ING_URL - assumed 'ING_URL' D:\phpStudy\WWW\tp3\shop\Runtime\Cache\Home\ebd2203b9a909fed1a846a15a1f0ee42.php 第 303 行.
NOTIC: [8] Use of undefined constant ING_URL - assumed 'ING_URL' D:\phpStudy\WWW\tp3\shop\Runtime\Cache\Home\ebd2203b9a909fed1a846a15a1f0ee42.php 第 311 行.
NOTIC: [8] Use of undefined constant ING_URL - assumed 'ING_URL' D:\phpStudy\WWW\tp3\shop\Runtime\Cache\Home\ebd2203b9a909fed1a846a15a1f0ee42.php 第 319 行.
NOTIC: [8] Use of undefined constant ING_URL - assumed 'ING_URL' D:\phpStudy\WWW\tp3\shop\Runtime\Cache\Home\ebd2203b9a909fed1a846a15a1f0ee42.php 第 426 行.
NOTIC: [8] Use of undefined constant ING_URL - assumed 'ING_URL' D:\phpStudy\WWW\tp3\shop\Runtime\Cache\Home\ebd2203b9a909fed1a846a15a1f0ee42.php 第 477 行.
NOTIC: [8] Use of undefined constant ING_URL - assumed 'ING_URL' D:\phpStudy\WWW\tp3\shop\Runtime\Cache\Home\ebd2203b9a909fed1a846a15a1f0ee42.php 第 480 行.
INFO: Run Behavior\ParseTemplateBehavior [ RunTime:0.089005s ]
INFO: [ view_parse ] --END-- [ RunTime:0.089005s ]
INFO: [ view_filter ] --START--
INFO: Run Behavior\WriteHtmlCacheBehavior [ RunTime:0.001000s ]
INFO: [ view_filter ] --END-- [ RunTime:0.002000s ]
INFO: [ app_end ] --START--
INFO: Run Behavior\ShowPageTraceBehavior [ RunTime:0.005000s ]
INFO: [ app_end ] --END-- [ RunTime:0.005000s ]

[ 2017-07-14T13:36:05+08:00 ] 127.0.0.1 /shop/index.php?m=Home&c=index&a=index
INFO: [ app_init ] --START--
INFO: Run Behavior\BuildLiteBehavior [ RunTime:0.000000s ]
INFO: [ app_init ] --END-- [ RunTime:0.003000s ]
INFO: [ app_begin ] --START--
INFO: Run Behavior\ReadHtmlCacheBehavior [ RunTime:0.005001s ]
INFO: [ app_begin ] --END-- [ RunTime:0.009001s ]
INFO: [ view_parse ] --START--
INFO: [ template_filter ] --START--
INFO: Run Behavior\ContentReplaceBehavior [ RunTime:0.001000s ]
INFO: [ template_filter ] --END-- [ RunTime:0.002000s ]
INFO: Run Behavior\ParseTemplateBehavior [ RunTime:0.089005s ]
INFO: [ view_parse ] --END-- [ RunTime:0.090006s ]
INFO: [ view_filter ] --START--
INFO: Run Behavior\WriteHtmlCacheBehavior [ RunTime:0.006000s ]
INFO: [ view_filter ] --END-- [ RunTime:0.006000s ]
INFO: [ app_end ] --START--
INFO: Run Behavior\ShowPageTraceBehavior [ RunTime:0.003000s ]
INFO: [ app_end ] --END-- [ RunTime:0.003000s ]

[ 2017-07-14T13:39:21+08:00 ] 127.0.0.1 /shop/index.php?m=Home&c=index&a=index
INFO: [ app_init ] --START--
INFO: Run Behavior\BuildLiteBehavior [ RunTime:0.000000s ]
INFO: [ app_init ] --END-- [ RunTime:0.004000s ]
INFO: [ app_begin ] --START--
INFO: Run Behavior\ReadHtmlCacheBehavior [ RunTime:0.003001s ]
INFO: [ app_begin ] --END-- [ RunTime:0.004001s ]
INFO: [ view_parse ] --START--
INFO: [ template_filter ] --START--
INFO: Run Behavior\ContentReplaceBehavior [ RunTime:0.001000s ]
INFO: [ template_filter ] --END-- [ RunTime:0.002000s ]
INFO: Run Behavior\ParseTemplateBehavior [ RunTime:0.085005s ]
INFO: [ view_parse ] --END-- [ RunTime:0.086005s ]
INFO: [ view_filter ] --START--
INFO: Run Behavior\WriteHtmlCacheBehavior [ RunTime:0.002000s ]
INFO: [ view_filter ] --END-- [ RunTime:0.003000s ]
INFO: [ app_end ] --START--
INFO: Run Behavior\ShowPageTraceBehavior [ RunTime:0.003000s ]
INFO: [ app_end ] --END-- [ RunTime:0.003000s ]

[ 2017-07-14T13:40:01+08:00 ] 127.0.0.1 /shop/index.php?m=Home&c=index&a=index
INFO: [ app_init ] --START--
INFO: Run Behavior\BuildLiteBehavior [ RunTime:0.001000s ]
INFO: [ app_init ] --END-- [ RunTime:0.002000s ]
INFO: [ app_begin ] --START--
INFO: Run Behavior\ReadHtmlCacheBehavior [ RunTime:0.005000s ]
INFO: [ app_begin ] --END-- [ RunTime:0.005000s ]
INFO: [ view_parse ] --START--
INFO: [ template_filter ] --START--
INFO: Run Behavior\ContentReplaceBehavior [ RunTime:0.001000s ]
INFO: [ template_filter ] --END-- [ RunTime:0.002000s ]
INFO: Run Behavior\ParseTemplateBehavior [ RunTime:0.072004s ]
INFO: [ view_parse ] --END-- [ RunTime:0.072004s ]
INFO: [ view_filter ] --START--
INFO: Run Behavior\WriteHtmlCacheBehavior [ RunTime:0.002001s ]
INFO: [ view_filter ] --END-- [ RunTime:0.003001s ]
INFO: [ app_end ] --START--
INFO: Run Behavior\ShowPageTraceBehavior [ RunTime:0.003000s ]
INFO: [ app_end ] --END-- [ RunTime:0.003000s ]

[ 2017-07-14T13:40:12+08:00 ] 127.0.0.1 /shop/index.php?m=Home&c=index&a=index
INFO: [ app_init ] --START--
INFO: Run Behavior\BuildLiteBehavior [ RunTime:0.000000s ]
INFO: [ app_init ] --END-- [ RunTime:0.003000s ]
INFO: [ app_begin ] --START--
INFO: Run Behavior\ReadHtmlCacheBehavior [ RunTime:0.003001s ]
INFO: [ app_begin ] --END-- [ RunTime:0.004001s ]
INFO: [ view_parse ] --START--
INFO: [ template_filter ] --START--
INFO: Run Behavior\ContentReplaceBehavior [ RunTime:0.001000s ]
INFO: [ template_filter ] --END-- [ RunTime:0.001000s ]
INFO: Run Behavior\ParseTemplateBehavior [ RunTime:0.076004s ]
INFO: [ view_parse ] --END-- [ RunTime:0.077004s ]
INFO: [ view_filter ] --START--
INFO: Run Behavior\WriteHtmlCacheBehavior [ RunTime:0.001000s ]
INFO: [ view_filter ] --END-- [ RunTime:0.001000s ]
INFO: [ app_end ] --START--
INFO: Run Behavior\ShowPageTraceBehavior [ RunTime:0.003001s ]
INFO: [ app_end ] --END-- [ RunTime:0.003001s ]

[ 2017-07-14T13:42:15+08:00 ] 127.0.0.1 /shop/index.php/Home/User/login
INFO: [ app_init ] --START--
INFO: Run Behavior\BuildLiteBehavior [ RunTime:0.000000s ]
INFO: [ app_init ] --END-- [ RunTime:0.003000s ]
INFO: [ app_begin ] --START--
INFO: Run Behavior\ReadHtmlCacheBehavior [ RunTime:0.005000s ]
INFO: [ app_begin ] --END-- [ RunTime:0.005000s ]
INFO: [ view_parse ] --START--
INFO: [ template_filter ] --START--
INFO: Run Behavior\ContentReplaceBehavior [ RunTime:0.001000s ]
INFO: [ template_filter ] --END-- [ RunTime:0.001000s ]
INFO: Run Behavior\ParseTemplateBehavior [ RunTime:0.053003s ]
INFO: [ view_parse ] --END-- [ RunTime:0.054003s ]
INFO: [ view_filter ] --START--
INFO: Run Behavior\WriteHtmlCacheBehavior [ RunTime:0.001000s ]
INFO: [ view_filter ] --END-- [ RunTime:0.002000s ]
INFO: [ app_end ] --START--
INFO: Run Behavior\ShowPageTraceBehavior [ RunTime:0.008001s ]
INFO: [ app_end ] --END-- [ RunTime:0.009001s ]

[ 2017-07-14T13:42:15+08:00 ] 127.0.0.1 /shop/index.php/Home/User/css/style.css
INFO: [ app_init ] --START--
INFO: Run Behavior\BuildLiteBehavior [ RunTime:0.000000s ]
INFO: [ app_init ] --END-- [ RunTime:0.006001s ]
INFO: [ app_begin ] --START--
INFO: Run Behavior\ReadHtmlCacheBehavior [ RunTime:0.002000s ]
INFO: [ app_begin ] --END-- [ RunTime:0.002000s ]
ERR: 非法操作:css

[ 2017-07-14T13:42:15+08:00 ] 127.0.0.1 /shop/index.php/Home/User/images/logo.gif
INFO: [ app_init ] --START--
INFO: Run Behavior\BuildLiteBehavior [ RunTime:0.000000s ]
INFO: [ app_init ] --END-- [ RunTime:0.002000s ]

[ 2017-07-14T13:42:15+08:00 ] 127.0.0.1 /shop/index.php/Home/User/images/biao7.gif
INFO: [ app_init ] --START--
INFO: Run Behavior\BuildLiteBehavior [ RunTime:0.000000s ]
INFO: [ app_init ] --END-- [ RunTime:0.002000s ]

[ 2017-07-14T13:42:15+08:00 ] 127.0.0.1 /shop/index.php/Home/User/images/biao6.gif
INFO: [ app_init ] --START--
INFO: Run Behavior\BuildLiteBehavior [ RunTime:0.000000s ]
INFO: [ app_init ] --END-- [ RunTime:0.002000s ]

[ 2017-07-14T13:42:15+08:00 ] 127.0.0.1 /shop/index.php/Home/User/images/bnt_ur_reg.gif
INFO: [ app_init ] --START--
INFO: Run Behavior\BuildLiteBehavior [ RunTime:0.000000s ]
INFO: [ app_init ] --END-- [ RunTime:0.003001s ]

[ 2017-07-14T13:42:15+08:00 ] 127.0.0.1 /shop/index.php/Home/User/images/di.jpg
INFO: [ app_init ] --START--
INFO: Run Behavior\BuildLiteBehavior [ RunTime:0.000000s ]
INFO: [ app_init ] --END-- [ RunTime:0.002000s ]

[ 2017-07-14T13:42:15+08:00 ] 127.0.0.1 /shop/index.php/Home/User/images/biao3.gif
INFO: [ app_init ] --START--
INFO: Run Behavior\BuildLiteBehavior [ RunTime:0.001000s ]
INFO: [ app_init ] --END-- [ RunTime:0.002000s ]

[ 2017-07-14T13:42:15+08:00 ] 127.0.0.1 /shop/index.php/Home/User/images/sousuo.gif
INFO: [ app_init ] --START--
INFO: Run Behavior\BuildLiteBehavior [ RunTime:0.000000s ]
INFO: [ app_init ] --END-- [ RunTime:0.002000s ]

[ 2017-07-14T13:43:09+08:00 ] 127.0.0.1 /shop/index.php/Home/User/login
INFO: [ app_init ] --START--
INFO: Run Behavior\BuildLiteBehavior [ RunTime:0.000000s ]
INFO: [ app_init ] --END-- [ RunTime:0.005000s ]
INFO: [ app_begin ] --START--
INFO: Run Behavior\ReadHtmlCacheBehavior [ RunTime:0.004000s ]
INFO: [ app_begin ] --END-- [ RunTime:0.005000s ]
INFO: [ view_parse ] --START--
INFO: [ template_filter ] --START--
INFO: Run Behavior\ContentReplaceBehavior [ RunTime:0.001000s ]
INFO: [ template_filter ] --END-- [ RunTime:0.001000s ]
INFO: Run Behavior\ParseTemplateBehavior [ RunTime:0.058003s ]
INFO: [ view_parse ] --END-- [ RunTime:0.059003s ]
INFO: [ view_filter ] --START--
INFO: Run Behavior\WriteHtmlCacheBehavior [ RunTime:0.002000s ]
INFO: [ view_filter ] --END-- [ RunTime:0.002000s ]
INFO: [ app_end ] --START--
INFO: Run Behavior\ShowPageTraceBehavior [ RunTime:0.003000s ]
INFO: [ app_end ] --END-- [ RunTime:0.004000s ]

[ 2017-07-14T13:43:53+08:00 ] 127.0.0.1 /shop/index.php/Home/User/register
INFO: [ app_init ] --START--
INFO: Run Behavior\BuildLiteBehavior [ RunTime:0.000000s ]
INFO: [ app_init ] --END-- [ RunTime:0.002000s ]
INFO: [ app_begin ] --START--
INFO: Run Behavior\ReadHtmlCacheBehavior [ RunTime:0.003000s ]
INFO: [ app_begin ] --END-- [ RunTime:0.003000s ]
INFO: [ view_parse ] --START--
INFO: [ template_filter ] --START--
INFO: Run Behavior\ContentReplaceBehavior [ RunTime:0.001000s ]
INFO: [ template_filter ] --END-- [ RunTime:0.001000s ]
INFO: Run Behavior\ParseTemplateBehavior [ RunTime:0.094006s ]
INFO: [ view_parse ] --END-- [ RunTime:0.094006s ]
INFO: [ view_filter ] --START--
INFO: Run Behavior\WriteHtmlCacheBehavior [ RunTime:0.002000s ]
INFO: [ view_filter ] --END-- [ RunTime:0.003000s ]
INFO: [ app_end ] --START--
INFO: Run Behavior\ShowPageTraceBehavior [ RunTime:0.006000s ]
INFO: [ app_end ] --END-- [ RunTime:0.007000s ]

[ 2017-07-14T13:45:03+08:00 ] 127.0.0.1 /shop/index.php/Home/User/register
INFO: [ app_init ] --START--
INFO: Run Behavior\BuildLiteBehavior [ RunTime:0.000000s ]
INFO: [ app_init ] --END-- [ RunTime:0.003000s ]
INFO: [ app_begin ] --START--
INFO: Run Behavior\ReadHtmlCacheBehavior [ RunTime:0.003000s ]
INFO: [ app_begin ] --END-- [ RunTime:0.005000s ]
INFO: [ view_parse ] --START--
INFO: [ template_filter ] --START--
INFO: Run Behavior\ContentReplaceBehavior [ RunTime:0.001000s ]
INFO: [ template_filter ] --END-- [ RunTime:0.001000s ]
INFO: Run Behavior\ParseTemplateBehavior [ RunTime:0.074004s ]
INFO: [ view_parse ] --END-- [ RunTime:0.074004s ]
INFO: [ view_filter ] --START--
INFO: Run Behavior\WriteHtmlCacheBehavior [ RunTime:0.001000s ]
INFO: [ view_filter ] --END-- [ RunTime:0.002000s ]
INFO: [ app_end ] --START--
INFO: Run Behavior\ShowPageTraceBehavior [ RunTime:0.021001s ]
INFO: [ app_end ] --END-- [ RunTime:0.022001s ]

[ 2017-07-14T13:53:55+08:00 ] 127.0.0.1 /shop/index.php/Home/Goods/showlist
INFO: [ app_init ] --START--
INFO: Run Behavior\BuildLiteBehavior [ RunTime:0.000000s ]
INFO: [ app_init ] --END-- [ RunTime:0.003000s ]
INFO: [ app_begin ] --START--
INFO: Run Behavior\ReadHtmlCacheBehavior [ RunTime:0.018001s ]
INFO: [ app_begin ] --END-- [ RunTime:0.019001s ]
INFO: [ view_parse ] --START--
INFO: [ template_filter ] --START--
INFO: Run Behavior\ContentReplaceBehavior [ RunTime:0.001001s ]
INFO: [ template_filter ] --END-- [ RunTime:0.002001s ]
INFO: Run Behavior\ParseTemplateBehavior [ RunTime:0.103006s ]
INFO: [ view_parse ] --END-- [ RunTime:0.103006s ]
INFO: [ view_filter ] --START--
INFO: Run Behavior\WriteHtmlCacheBehavior [ RunTime:0.001000s ]
INFO: [ view_filter ] --END-- [ RunTime:0.002000s ]
INFO: [ app_end ] --START--
INFO: Run Behavior\ShowPageTraceBehavior [ RunTime:0.003001s ]
INFO: [ app_end ] --END-- [ RunTime:0.004001s ]

[ 2017-07-14T13:55:51+08:00 ] 127.0.0.1 /shop/index.php/Home/Goods/showlist
INFO: [ app_init ] --START--
INFO: Run Behavior\BuildLiteBehavior [ RunTime:0.000000s ]
INFO: [ app_init ] --END-- [ RunTime:0.002000s ]
INFO: [ app_begin ] --START--
INFO: Run Behavior\ReadHtmlCacheBehavior [ RunTime:0.004000s ]
INFO: [ app_begin ] --END-- [ RunTime:0.004000s ]
INFO: [ view_parse ] --START--
INFO: [ template_filter ] --START--
INFO: Run Behavior\ContentReplaceBehavior [ RunTime:0.001000s ]
INFO: [ template_filter ] --END-- [ RunTime:0.002000s ]
INFO: Run Behavior\ParseTemplateBehavior [ RunTime:0.086005s ]
INFO: [ view_parse ] --END-- [ RunTime:0.087005s ]
INFO: [ view_filter ] --START--
INFO: Run Behavior\WriteHtmlCacheBehavior [ RunTime:0.002000s ]
INFO: [ view_filter ] --END-- [ RunTime:0.003000s ]
INFO: [ app_end ] --START--
INFO: Run Behavior\ShowPageTraceBehavior [ RunTime:0.003000s ]
INFO: [ app_end ] --END-- [ RunTime:0.003000s ]

