[ 2017-07-15T10:08:42+08:00 ] 127.0.0.1 /shop/index.php/Home/User/login
INFO: [ app_init ] --START--
INFO: Run Behavior\BuildLiteBehavior [ RunTime:0.000000s ]
INFO: [ app_init ] --END-- [ RunTime:0.035002s ]
INFO: [ app_begin ] --START--
INFO: Run Behavior\ReadHtmlCacheBehavior [ RunTime:0.014001s ]
INFO: [ app_begin ] --END-- [ RunTime:0.017001s ]
INFO: [ view_parse ] --START--
INFO: [ template_filter ] --START--
INFO: Run Behavior\ContentReplaceBehavior [ RunTime:0.000000s ]
INFO: [ template_filter ] --END-- [ RunTime:0.000000s ]
INFO: Run Behavior\ParseTemplateBehavior [ RunTime:0.154009s ]
INFO: [ view_parse ] --END-- [ RunTime:0.154009s ]
INFO: [ view_filter ] --START--
INFO: Run Behavior\WriteHtmlCacheBehavior [ RunTime:0.017001s ]
INFO: [ view_filter ] --END-- [ RunTime:0.018001s ]
INFO: [ app_end ] --START--
INFO: Run Behavior\ShowPageTraceBehavior [ RunTime:0.038002s ]
INFO: [ app_end ] --END-- [ RunTime:0.038002s ]

[ 2017-07-15T16:32:54+08:00 ] 127.0.0.1 /shop/index.php/User
ERR: 非法操作:index

[ 2017-07-15T17:05:14+08:00 ] 127.0.0.1 /shop/
ERR: Syntax Error in template "D:/phpStudy/WWW/tp3/shop/Home/View\Index\index.html"  on line 406 ".boxCenterList form{display:inline;}"  - Unexpected ":", expected one of: "}" , " "

[ 2017-07-15T17:05:27+08:00 ] 127.0.0.1 /shop/
ERR: Syntax Error in template "D:/phpStudy/WWW/tp3/shop/Home/View\Index\index.html"  on line 519 "&lt;/html&gt;" missing or misspelled literal closing tag

[ 2017-07-15T17:05:28+08:00 ] 127.0.0.1 /shop/
ERR: Syntax Error in template "D:/phpStudy/WWW/tp3/shop/Home/View\Index\index.html"  on line 519 "&lt;/html&gt;" missing or misspelled literal closing tag

[ 2017-07-15T17:05:53+08:00 ] 127.0.0.1 /shop/
ERR: Syntax Error in template "D:/phpStudy/WWW/tp3/shop/Home/View\Index\index.html"  on line 519 "&lt;/html&gt;" missing or misspelled literal closing tag

[ 2017-07-15T17:05:54+08:00 ] 127.0.0.1 /shop/
ERR: Syntax Error in template "D:/phpStudy/WWW/tp3/shop/Home/View\Index\index.html"  on line 519 "&lt;/html&gt;" missing or misspelled literal closing tag

[ 2017-07-15T17:07:38+08:00 ] 127.0.0.1 /shop/
ERR: Syntax Error in template "D:/phpStudy/WWW/tp3/shop/Home/View\Index\index.html"  on line 406 ".boxCenterList form{display:inline;}"  - Unexpected ":", expected one of: "}" , " "

